Added Component: Designator=P?(HDR1X16)
Added Component: Designator=P?(HDR1X3)
Added Component: Designator=P?(HDR1X3)
Added Component: Designator=P?(HDR1X3)
Added Component: Designator=P?(HDR1X3)
Added Component: Designator=P?(HDR1X3)
Added Component: Designator=P?(HDR1X3)
Added Component: Designator=P?(HDR1X3)
Added Component: Designator=P?(HDR1X3)
Added Component: Designator=Q?(SOT95P240-3N)
Added Component: Designator=Q?(SOT95P240-3N)
Added Component: Designator=Q?(SOT95P240-3N)
Added Component: Designator=Q?(SOT95P240-3N)
Added Component: Designator=Q?(SOT95P240-3N)
Added Component: Designator=Q?(SOT95P240-3N)
Added Component: Designator=Q?(SOT95P240-3N)
Added Component: Designator=Q?(SOT95P240-3N)
Added Component: Designator=R1(AXIAL-0.3)
Added Component: Designator=R2(AXIAL-0.3)
Added Component: Designator=R3(AXIAL-0.3)
Added Component: Designator=R4(AXIAL-0.3)
Added Component: Designator=R5(AXIAL-0.3)
Added Component: Designator=R6(AXIAL-0.3)
Added Component: Designator=R7(AXIAL-0.3)
Added Component: Designator=R8(AXIAL-0.3)
Added Component: Designator=U?(40P6)
Added Pin To Net: NetName=GND Pin=P?-1
Added Pin To Net: NetName=GND Pin=P?-2
Added Pin To Net: NetName=GND Pin=P?-2
Added Pin To Net: NetName=GND Pin=P?-2
Added Pin To Net: NetName=GND Pin=P?-2
Added Pin To Net: NetName=GND Pin=P?-2
Added Pin To Net: NetName=GND Pin=P?-2
Added Pin To Net: NetName=GND Pin=P?-2
Added Pin To Net: NetName=GND Pin=P?-2
Added Pin To Net: NetName=GND Pin=Q?-1
Added Pin To Net: NetName=GND Pin=Q?-1
Added Pin To Net: NetName=GND Pin=Q?-1
Added Pin To Net: NetName=GND Pin=Q?-1
Added Pin To Net: NetName=GND Pin=Q?-1
Added Pin To Net: NetName=GND Pin=Q?-1
Added Pin To Net: NetName=GND Pin=Q?-1
Added Pin To Net: NetName=GND Pin=Q?-1
Added Pin To Net: NetName=GND Pin=Q?-2
Added Pin To Net: NetName=GND Pin=Q?-2
Added Pin To Net: NetName=GND Pin=R6-2
Added Pin To Net: NetName=GND Pin=R7-2
Added Net: Name=GND
Added Pin To Net: NetName=NetP?_1 Pin=P?-1
Added Pin To Net: NetName=NetP?_1 Pin=P?-1
Added Pin To Net: NetName=NetP?_1 Pin=P?-1
Added Pin To Net: NetName=NetP?_1 Pin=P?-1
Added Net: Name=NetP?_1
Added Pin To Net: NetName=NetP?_3 Pin=P?-3
Added Pin To Net: NetName=NetP?_3 Pin=U?-37
Added Net: Name=NetP?_3
Added Pin To Net: NetName=NetP?_4 Pin=U?-1
Added Net: Name=NetP?_4
Added Pin To Net: NetName=NetP?_5 Pin=U?-2
Added Net: Name=NetP?_5
Added Pin To Net: NetName=NetP?_6 Pin=U?-3
Added Net: Name=NetP?_6
Added Pin To Net: NetName=NetP?_11 Pin=U?-5
Added Net: Name=NetP?_11
Added Pin To Net: NetName=NetP?_12 Pin=U?-6
Added Net: Name=NetP?_12
Added Pin To Net: NetName=NetP?_13 Pin=U?-7
Added Net: Name=NetP?_13
Added Pin To Net: NetName=NetP?_14 Pin=U?-8
Added Net: Name=NetP?_14
Added Pin To Net: NetName=NetQ?_2 Pin=Q?-2
Added Pin To Net: NetName=NetQ?_2 Pin=R8-2
Added Net: Name=NetQ?_2
Added Pin To Net: NetName=NetR1_1 Pin=R1-1
Added Pin To Net: NetName=NetR1_1 Pin=U?-25
Added Net: Name=NetR1_1
Added Pin To Net: NetName=NetR2_1 Pin=R2-1
Added Pin To Net: NetName=NetR2_1 Pin=U?-22
Added Net: Name=NetR2_1
Added Pin To Net: NetName=NetR3_2 Pin=R3-2
Added Pin To Net: NetName=NetR3_2 Pin=U?-23
Added Net: Name=NetR3_2
Added Pin To Net: NetName=NetR4_1 Pin=R4-1
Added Pin To Net: NetName=NetR4_1 Pin=U?-24
Added Net: Name=NetR4_1
Added Pin To Net: NetName=NetR5_1 Pin=R5-1
Added Pin To Net: NetName=NetR5_1 Pin=U?-26
Added Net: Name=NetR5_1
Added Pin To Net: NetName=NetR6_1 Pin=R6-1
Added Pin To Net: NetName=NetR6_1 Pin=U?-27
Added Net: Name=NetR6_1
Added Pin To Net: NetName=NetR7_1 Pin=R7-1
Added Pin To Net: NetName=NetR7_1 Pin=U?-28
Added Net: Name=NetR7_1
Added Pin To Net: NetName=NetR8_1 Pin=R8-1
Added Pin To Net: NetName=NetR8_1 Pin=U?-29
Added Net: Name=NetR8_1
Added Pin To Net: NetName=VCC Pin=P?-1
Added Pin To Net: NetName=VCC Pin=P?-1
Added Pin To Net: NetName=VCC Pin=P?-1
Added Pin To Net: NetName=VCC Pin=P?-1
Added Pin To Net: NetName=VCC Pin=P?-2
Added Net: Name=VCC
Added Class: Name=Final_Project
Added Room: Name=Final_Project
