
AVRASM ver. 2.1.30  C:\Users\Saleh\Desktop\az riz project\List\prj.asm Wed Jan 20 18:22:03 2016

C:\Users\Saleh\Desktop\az riz project\List\prj.asm(1071): warning: Register r5 already defined by the .DEF directive
C:\Users\Saleh\Desktop\az riz project\List\prj.asm(1072): warning: Register r6 already defined by the .DEF directive
C:\Users\Saleh\Desktop\az riz project\List\prj.asm(1073): warning: Register r8 already defined by the .DEF directive
C:\Users\Saleh\Desktop\az riz project\List\prj.asm(1074): warning: Register r4 already defined by the .DEF directive
C:\Users\Saleh\Desktop\az riz project\List\prj.asm(1075): warning: Register r11 already defined by the .DEF directive
C:\Users\Saleh\Desktop\az riz project\List\prj.asm(1076): warning: Register r10 already defined by the .DEF directive
                 
                 
                 ;CodeVisionAVR C Compiler V2.05.3 Standard
                 ;(C) Copyright 1998-2011 Pavel Haiduc, HP InfoTech s.r.l.
                 ;http://www.hpinfotech.com
                 
                 ;Chip type                : ATmega32A
                 ;Program type             : Application
                 ;Clock frequency          : 12.000000 MHz
                 ;Memory model             : Small
                 ;Optimize for             : Size
                 ;(s)printf features       : int, width
                 ;(s)scanf features        : int, width
                 ;External RAM size        : 0
                 ;Data Stack size          : 512 byte(s)
                 ;Heap size                : 0 byte(s)
                 ;Promote 'char' to 'int'  : Yes
                 ;'char' is unsigned       : Yes
                 ;8 bit enums              : Yes
                 ;Global 'const' stored in FLASH     : No
                 ;Enhanced function parameter passing: Yes
                 ;Enhanced core instructions         : On
                 ;Smart register allocation          : On
                 ;Automatic register allocation      : On
                 
                 	#pragma AVRPART ADMIN PART_NAME ATmega32A
                 	#pragma AVRPART MEMORY PROG_FLASH 32768
                 	#pragma AVRPART MEMORY EEPROM 1024
                 	#pragma AVRPART MEMORY INT_SRAM SIZE 2143
                 	#pragma AVRPART MEMORY INT_SRAM START_ADDR 0x60
                 
                 	#define CALL_SUPPORTED 1
                 
                 	.LISTMAC
                 	.EQU UDRE=0x5
                 	.EQU RXC=0x7
                 	.EQU USR=0xB
                 	.EQU UDR=0xC
                 	.EQU SPSR=0xE
                 	.EQU SPDR=0xF
                 	.EQU EERE=0x0
                 	.EQU EEWE=0x1
                 	.EQU EEMWE=0x2
                 	.EQU EECR=0x1C
                 	.EQU EEDR=0x1D
                 	.EQU EEARL=0x1E
                 	.EQU EEARH=0x1F
                 	.EQU WDTCR=0x21
                 	.EQU MCUCR=0x35
                 	.EQU SPL=0x3D
                 	.EQU SPH=0x3E
                 	.EQU SREG=0x3F
                 
                 	.DEF R0X0=R0
                 	.DEF R0X1=R1
                 	.DEF R0X2=R2
                 	.DEF R0X3=R3
                 	.DEF R0X4=R4
                 	.DEF R0X5=R5
                 	.DEF R0X6=R6
                 	.DEF R0X7=R7
                 	.DEF R0X8=R8
                 	.DEF R0X9=R9
                 	.DEF R0XA=R10
                 	.DEF R0XB=R11
                 	.DEF R0XC=R12
                 	.DEF R0XD=R13
                 	.DEF R0XE=R14
                 	.DEF R0XF=R15
                 	.DEF R0X10=R16
                 	.DEF R0X11=R17
                 	.DEF R0X12=R18
                 	.DEF R0X13=R19
                 	.DEF R0X14=R20
                 	.DEF R0X15=R21
                 	.DEF R0X16=R22
                 	.DEF R0X17=R23
                 	.DEF R0X18=R24
                 	.DEF R0X19=R25
                 	.DEF R0X1A=R26
                 	.DEF R0X1B=R27
                 	.DEF R0X1C=R28
                 	.DEF R0X1D=R29
                 	.DEF R0X1E=R30
                 	.DEF R0X1F=R31
                 
                 	.EQU __SRAM_START=0x0060
                 	.EQU __SRAM_END=0x085F
                 	.EQU __DSTACK_SIZE=0x0200
                 	.EQU __HEAP_SIZE=0x0000
                 	.EQU __CLEAR_SRAM_SIZE=__SRAM_END-__SRAM_START+1
                 
                 	.MACRO __CPD1N
                 	CPI  R30,LOW(@0)
                 	LDI  R26,HIGH(@0)
                 	CPC  R31,R26
                 	LDI  R26,BYTE3(@0)
                 	CPC  R22,R26
                 	LDI  R26,BYTE4(@0)
                 	CPC  R23,R26
                 	.ENDM
                 
                 	.MACRO __CPD2N
                 	CPI  R26,LOW(@0)
                 	LDI  R30,HIGH(@0)
                 	CPC  R27,R30
                 	LDI  R30,BYTE3(@0)
                 	CPC  R24,R30
                 	LDI  R30,BYTE4(@0)
                 	CPC  R25,R30
                 	.ENDM
                 
                 	.MACRO __CPWRR
                 	CP   R@0,R@2
                 	CPC  R@1,R@3
                 	.ENDM
                 
                 	.MACRO __CPWRN
                 	CPI  R@0,LOW(@2)
                 	LDI  R30,HIGH(@2)
                 	CPC  R@1,R30
                 	.ENDM
                 
                 	.MACRO __ADDB1MN
                 	SUBI R30,LOW(-@0-(@1))
                 	.ENDM
                 
                 	.MACRO __ADDB2MN
                 	SUBI R26,LOW(-@0-(@1))
                 	.ENDM
                 
                 	.MACRO __ADDW1MN
                 	SUBI R30,LOW(-@0-(@1))
                 	SBCI R31,HIGH(-@0-(@1))
                 	.ENDM
                 
                 	.MACRO __ADDW2MN
                 	SUBI R26,LOW(-@0-(@1))
                 	SBCI R27,HIGH(-@0-(@1))
                 	.ENDM
                 
                 	.MACRO __ADDW1FN
                 	SUBI R30,LOW(-2*@0-(@1))
                 	SBCI R31,HIGH(-2*@0-(@1))
                 	.ENDM
                 
                 	.MACRO __ADDD1FN
                 	SUBI R30,LOW(-2*@0-(@1))
                 	SBCI R31,HIGH(-2*@0-(@1))
                 	SBCI R22,BYTE3(-2*@0-(@1))
                 	.ENDM
                 
                 	.MACRO __ADDD1N
                 	SUBI R30,LOW(-@0)
                 	SBCI R31,HIGH(-@0)
                 	SBCI R22,BYTE3(-@0)
                 	SBCI R23,BYTE4(-@0)
                 	.ENDM
                 
                 	.MACRO __ADDD2N
                 	SUBI R26,LOW(-@0)
                 	SBCI R27,HIGH(-@0)
                 	SBCI R24,BYTE3(-@0)
                 	SBCI R25,BYTE4(-@0)
                 	.ENDM
                 
                 	.MACRO __SUBD1N
                 	SUBI R30,LOW(@0)
                 	SBCI R31,HIGH(@0)
                 	SBCI R22,BYTE3(@0)
                 	SBCI R23,BYTE4(@0)
                 	.ENDM
                 
                 	.MACRO __SUBD2N
                 	SUBI R26,LOW(@0)
                 	SBCI R27,HIGH(@0)
                 	SBCI R24,BYTE3(@0)
                 	SBCI R25,BYTE4(@0)
                 	.ENDM
                 
                 	.MACRO __ANDBMNN
                 	LDS  R30,@0+(@1)
                 	ANDI R30,LOW(@2)
                 	STS  @0+(@1),R30
                 	.ENDM
                 
                 	.MACRO __ANDWMNN
                 	LDS  R30,@0+(@1)
                 	ANDI R30,LOW(@2)
                 	STS  @0+(@1),R30
                 	LDS  R30,@0+(@1)+1
                 	ANDI R30,HIGH(@2)
                 	STS  @0+(@1)+1,R30
                 	.ENDM
                 
                 	.MACRO __ANDD1N
                 	ANDI R30,LOW(@0)
                 	ANDI R31,HIGH(@0)
                 	ANDI R22,BYTE3(@0)
                 	ANDI R23,BYTE4(@0)
                 	.ENDM
                 
                 	.MACRO __ANDD2N
                 	ANDI R26,LOW(@0)
                 	ANDI R27,HIGH(@0)
                 	ANDI R24,BYTE3(@0)
                 	ANDI R25,BYTE4(@0)
                 	.ENDM
                 
                 	.MACRO __ORBMNN
                 	LDS  R30,@0+(@1)
                 	ORI  R30,LOW(@2)
                 	STS  @0+(@1),R30
                 	.ENDM
                 
                 	.MACRO __ORWMNN
                 	LDS  R30,@0+(@1)
                 	ORI  R30,LOW(@2)
                 	STS  @0+(@1),R30
                 	LDS  R30,@0+(@1)+1
                 	ORI  R30,HIGH(@2)
                 	STS  @0+(@1)+1,R30
                 	.ENDM
                 
                 	.MACRO __ORD1N
                 	ORI  R30,LOW(@0)
                 	ORI  R31,HIGH(@0)
                 	ORI  R22,BYTE3(@0)
                 	ORI  R23,BYTE4(@0)
                 	.ENDM
                 
                 	.MACRO __ORD2N
                 	ORI  R26,LOW(@0)
                 	ORI  R27,HIGH(@0)
                 	ORI  R24,BYTE3(@0)
                 	ORI  R25,BYTE4(@0)
                 	.ENDM
                 
                 	.MACRO __DELAY_USB
                 	LDI  R24,LOW(@0)
                 __DELAY_USB_LOOP:
                 	DEC  R24
                 	BRNE __DELAY_USB_LOOP
                 	.ENDM
                 
                 	.MACRO __DELAY_USW
                 	LDI  R24,LOW(@0)
                 	LDI  R25,HIGH(@0)
                 __DELAY_USW_LOOP:
                 	SBIW R24,1
                 	BRNE __DELAY_USW_LOOP
                 	.ENDM
                 
                 	.MACRO __GETD1S
                 	LDD  R30,Y+@0
                 	LDD  R31,Y+@0+1
                 	LDD  R22,Y+@0+2
                 	LDD  R23,Y+@0+3
                 	.ENDM
                 
                 	.MACRO __GETD2S
                 	LDD  R26,Y+@0
                 	LDD  R27,Y+@0+1
                 	LDD  R24,Y+@0+2
                 	LDD  R25,Y+@0+3
                 	.ENDM
                 
                 	.MACRO __PUTD1S
                 	STD  Y+@0,R30
                 	STD  Y+@0+1,R31
                 	STD  Y+@0+2,R22
                 	STD  Y+@0+3,R23
                 	.ENDM
                 
                 	.MACRO __PUTD2S
                 	STD  Y+@0,R26
                 	STD  Y+@0+1,R27
                 	STD  Y+@0+2,R24
                 	STD  Y+@0+3,R25
                 	.ENDM
                 
                 	.MACRO __PUTDZ2
                 	STD  Z+@0,R26
                 	STD  Z+@0+1,R27
                 	STD  Z+@0+2,R24
                 	STD  Z+@0+3,R25
                 	.ENDM
                 
                 	.MACRO __CLRD1S
                 	STD  Y+@0,R30
                 	STD  Y+@0+1,R30
                 	STD  Y+@0+2,R30
                 	STD  Y+@0+3,R30
                 	.ENDM
                 
                 	.MACRO __POINTB1MN
                 	LDI  R30,LOW(@0+(@1))
                 	.ENDM
                 
                 	.MACRO __POINTW1MN
                 	LDI  R30,LOW(@0+(@1))
                 	LDI  R31,HIGH(@0+(@1))
                 	.ENDM
                 
                 	.MACRO __POINTD1M
                 	LDI  R30,LOW(@0)
                 	LDI  R31,HIGH(@0)
                 	LDI  R22,BYTE3(@0)
                 	LDI  R23,BYTE4(@0)
                 	.ENDM
                 
                 	.MACRO __POINTW1FN
                 	LDI  R30,LOW(2*@0+(@1))
                 	LDI  R31,HIGH(2*@0+(@1))
                 	.ENDM
                 
                 	.MACRO __POINTD1FN
                 	LDI  R30,LOW(2*@0+(@1))
                 	LDI  R31,HIGH(2*@0+(@1))
                 	LDI  R22,BYTE3(2*@0+(@1))
                 	LDI  R23,BYTE4(2*@0+(@1))
                 	.ENDM
                 
                 	.MACRO __POINTB2MN
                 	LDI  R26,LOW(@0+(@1))
                 	.ENDM
                 
                 	.MACRO __POINTW2MN
                 	LDI  R26,LOW(@0+(@1))
                 	LDI  R27,HIGH(@0+(@1))
                 	.ENDM
                 
                 	.MACRO __POINTW2FN
                 	LDI  R26,LOW(2*@0+(@1))
                 	LDI  R27,HIGH(2*@0+(@1))
                 	.ENDM
                 
                 	.MACRO __POINTD2FN
                 	LDI  R26,LOW(2*@0+(@1))
                 	LDI  R27,HIGH(2*@0+(@1))
                 	LDI  R24,BYTE3(2*@0+(@1))
                 	LDI  R25,BYTE4(2*@0+(@1))
                 	.ENDM
                 
                 	.MACRO __POINTBRM
                 	LDI  R@0,LOW(@1)
                 	.ENDM
                 
                 	.MACRO __POINTWRM
                 	LDI  R@0,LOW(@2)
                 	LDI  R@1,HIGH(@2)
                 	.ENDM
                 
                 	.MACRO __POINTBRMN
                 	LDI  R@0,LOW(@1+(@2))
                 	.ENDM
                 
                 	.MACRO __POINTWRMN
                 	LDI  R@0,LOW(@2+(@3))
                 	LDI  R@1,HIGH(@2+(@3))
                 	.ENDM
                 
                 	.MACRO __POINTWRFN
                 	LDI  R@0,LOW(@2*2+(@3))
                 	LDI  R@1,HIGH(@2*2+(@3))
                 	.ENDM
                 
                 	.MACRO __GETD1N
                 	LDI  R30,LOW(@0)
                 	LDI  R31,HIGH(@0)
                 	LDI  R22,BYTE3(@0)
                 	LDI  R23,BYTE4(@0)
                 	.ENDM
                 
                 	.MACRO __GETD2N
                 	LDI  R26,LOW(@0)
                 	LDI  R27,HIGH(@0)
                 	LDI  R24,BYTE3(@0)
                 	LDI  R25,BYTE4(@0)
                 	.ENDM
                 
                 	.MACRO __GETB1MN
                 	LDS  R30,@0+(@1)
                 	.ENDM
                 
                 	.MACRO __GETB1HMN
                 	LDS  R31,@0+(@1)
                 	.ENDM
                 
                 	.MACRO __GETW1MN
                 	LDS  R30,@0+(@1)
                 	LDS  R31,@0+(@1)+1
                 	.ENDM
                 
                 	.MACRO __GETD1MN
                 	LDS  R30,@0+(@1)
                 	LDS  R31,@0+(@1)+1
                 	LDS  R22,@0+(@1)+2
                 	LDS  R23,@0+(@1)+3
                 	.ENDM
                 
                 	.MACRO __GETBRMN
                 	LDS  R@0,@1+(@2)
                 	.ENDM
                 
                 	.MACRO __GETWRMN
                 	LDS  R@0,@2+(@3)
                 	LDS  R@1,@2+(@3)+1
                 	.ENDM
                 
                 	.MACRO __GETWRZ
                 	LDD  R@0,Z+@2
                 	LDD  R@1,Z+@2+1
                 	.ENDM
                 
                 	.MACRO __GETD2Z
                 	LDD  R26,Z+@0
                 	LDD  R27,Z+@0+1
                 	LDD  R24,Z+@0+2
                 	LDD  R25,Z+@0+3
                 	.ENDM
                 
                 	.MACRO __GETB2MN
                 	LDS  R26,@0+(@1)
                 	.ENDM
                 
                 	.MACRO __GETW2MN
                 	LDS  R26,@0+(@1)
                 	LDS  R27,@0+(@1)+1
                 	.ENDM
                 
                 	.MACRO __GETD2MN
                 	LDS  R26,@0+(@1)
                 	LDS  R27,@0+(@1)+1
                 	LDS  R24,@0+(@1)+2
                 	LDS  R25,@0+(@1)+3
                 	.ENDM
                 
                 	.MACRO __PUTB1MN
                 	STS  @0+(@1),R30
                 	.ENDM
                 
                 	.MACRO __PUTW1MN
                 	STS  @0+(@1),R30
                 	STS  @0+(@1)+1,R31
                 	.ENDM
                 
                 	.MACRO __PUTD1MN
                 	STS  @0+(@1),R30
                 	STS  @0+(@1)+1,R31
                 	STS  @0+(@1)+2,R22
                 	STS  @0+(@1)+3,R23
                 	.ENDM
                 
                 	.MACRO __PUTB1EN
                 	LDI  R26,LOW(@0+(@1))
                 	LDI  R27,HIGH(@0+(@1))
                 	CALL __EEPROMWRB
                 	.ENDM
                 
                 	.MACRO __PUTW1EN
                 	LDI  R26,LOW(@0+(@1))
                 	LDI  R27,HIGH(@0+(@1))
                 	CALL __EEPROMWRW
                 	.ENDM
                 
                 	.MACRO __PUTD1EN
                 	LDI  R26,LOW(@0+(@1))
                 	LDI  R27,HIGH(@0+(@1))
                 	CALL __EEPROMWRD
                 	.ENDM
                 
                 	.MACRO __PUTBR0MN
                 	STS  @0+(@1),R0
                 	.ENDM
                 
                 	.MACRO __PUTBMRN
                 	STS  @0+(@1),R@2
                 	.ENDM
                 
                 	.MACRO __PUTWMRN
                 	STS  @0+(@1),R@2
                 	STS  @0+(@1)+1,R@3
                 	.ENDM
                 
                 	.MACRO __PUTBZR
                 	STD  Z+@1,R@0
                 	.ENDM
                 
                 	.MACRO __PUTWZR
                 	STD  Z+@2,R@0
                 	STD  Z+@2+1,R@1
                 	.ENDM
                 
                 	.MACRO __GETW1R
                 	MOV  R30,R@0
                 	MOV  R31,R@1
                 	.ENDM
                 
                 	.MACRO __GETW2R
                 	MOV  R26,R@0
                 	MOV  R27,R@1
                 	.ENDM
                 
                 	.MACRO __GETWRN
                 	LDI  R@0,LOW(@2)
                 	LDI  R@1,HIGH(@2)
                 	.ENDM
                 
                 	.MACRO __PUTW1R
                 	MOV  R@0,R30
                 	MOV  R@1,R31
                 	.ENDM
                 
                 	.MACRO __PUTW2R
                 	MOV  R@0,R26
                 	MOV  R@1,R27
                 	.ENDM
                 
                 	.MACRO __ADDWRN
                 	SUBI R@0,LOW(-@2)
                 	SBCI R@1,HIGH(-@2)
                 	.ENDM
                 
                 	.MACRO __ADDWRR
                 	ADD  R@0,R@2
                 	ADC  R@1,R@3
                 	.ENDM
                 
                 	.MACRO __SUBWRN
                 	SUBI R@0,LOW(@2)
                 	SBCI R@1,HIGH(@2)
                 	.ENDM
                 
                 	.MACRO __SUBWRR
                 	SUB  R@0,R@2
                 	SBC  R@1,R@3
                 	.ENDM
                 
                 	.MACRO __ANDWRN
                 	ANDI R@0,LOW(@2)
                 	ANDI R@1,HIGH(@2)
                 	.ENDM
                 
                 	.MACRO __ANDWRR
                 	AND  R@0,R@2
                 	AND  R@1,R@3
                 	.ENDM
                 
                 	.MACRO __ORWRN
                 	ORI  R@0,LOW(@2)
                 	ORI  R@1,HIGH(@2)
                 	.ENDM
                 
                 	.MACRO __ORWRR
                 	OR   R@0,R@2
                 	OR   R@1,R@3
                 	.ENDM
                 
                 	.MACRO __EORWRR
                 	EOR  R@0,R@2
                 	EOR  R@1,R@3
                 	.ENDM
                 
                 	.MACRO __GETWRS
                 	LDD  R@0,Y+@2
                 	LDD  R@1,Y+@2+1
                 	.ENDM
                 
                 	.MACRO __PUTBSR
                 	STD  Y+@1,R@0
                 	.ENDM
                 
                 	.MACRO __PUTWSR
                 	STD  Y+@2,R@0
                 	STD  Y+@2+1,R@1
                 	.ENDM
                 
                 	.MACRO __MOVEWRR
                 	MOV  R@0,R@2
                 	MOV  R@1,R@3
                 	.ENDM
                 
                 	.MACRO __INWR
                 	IN   R@0,@2
                 	IN   R@1,@2+1
                 	.ENDM
                 
                 	.MACRO __OUTWR
                 	OUT  @2+1,R@1
                 	OUT  @2,R@0
                 	.ENDM
                 
                 	.MACRO __CALL1MN
                 	LDS  R30,@0+(@1)
                 	LDS  R31,@0+(@1)+1
                 	ICALL
                 	.ENDM
                 
                 	.MACRO __CALL1FN
                 	LDI  R30,LOW(2*@0+(@1))
                 	LDI  R31,HIGH(2*@0+(@1))
                 	CALL __GETW1PF
                 	ICALL
                 	.ENDM
                 
                 	.MACRO __CALL2EN
                 	LDI  R26,LOW(@0+(@1))
                 	LDI  R27,HIGH(@0+(@1))
                 	CALL __EEPROMRDW
                 	ICALL
                 	.ENDM
                 
                 	.MACRO __GETW1STACK
                 	IN   R26,SPL
                 	IN   R27,SPH
                 	ADIW R26,@0+1
                 	LD   R30,X+
                 	LD   R31,X
                 	.ENDM
                 
                 	.MACRO __GETD1STACK
                 	IN   R26,SPL
                 	IN   R27,SPH
                 	ADIW R26,@0+1
                 	LD   R30,X+
                 	LD   R31,X+
                 	LD   R22,X
                 	.ENDM
                 
                 	.MACRO __NBST
                 	BST  R@0,@1
                 	IN   R30,SREG
                 	LDI  R31,0x40
                 	EOR  R30,R31
                 	OUT  SREG,R30
                 	.ENDM
                 
                 
                 	.MACRO __PUTB1SN
                 	LDD  R26,Y+@0
                 	LDD  R27,Y+@0+1
                 	SUBI R26,LOW(-@1)
                 	SBCI R27,HIGH(-@1)
                 	ST   X,R30
                 	.ENDM
                 
                 	.MACRO __PUTW1SN
                 	LDD  R26,Y+@0
                 	LDD  R27,Y+@0+1
                 	SUBI R26,LOW(-@1)
                 	SBCI R27,HIGH(-@1)
                 	ST   X+,R30
                 	ST   X,R31
                 	.ENDM
                 
                 	.MACRO __PUTD1SN
                 	LDD  R26,Y+@0
                 	LDD  R27,Y+@0+1
                 	SUBI R26,LOW(-@1)
                 	SBCI R27,HIGH(-@1)
                 	CALL __PUTDP1
                 	.ENDM
                 
                 	.MACRO __PUTB1SNS
                 	LDD  R26,Y+@0
                 	LDD  R27,Y+@0+1
                 	ADIW R26,@1
                 	ST   X,R30
                 	.ENDM
                 
                 	.MACRO __PUTW1SNS
                 	LDD  R26,Y+@0
                 	LDD  R27,Y+@0+1
                 	ADIW R26,@1
                 	ST   X+,R30
                 	ST   X,R31
                 	.ENDM
                 
                 	.MACRO __PUTD1SNS
                 	LDD  R26,Y+@0
                 	LDD  R27,Y+@0+1
                 	ADIW R26,@1
                 	CALL __PUTDP1
                 	.ENDM
                 
                 	.MACRO __PUTB1PMN
                 	LDS  R26,@0
                 	LDS  R27,@0+1
                 	SUBI R26,LOW(-@1)
                 	SBCI R27,HIGH(-@1)
                 	ST   X,R30
                 	.ENDM
                 
                 	.MACRO __PUTW1PMN
                 	LDS  R26,@0
                 	LDS  R27,@0+1
                 	SUBI R26,LOW(-@1)
                 	SBCI R27,HIGH(-@1)
                 	ST   X+,R30
                 	ST   X,R31
                 	.ENDM
                 
                 	.MACRO __PUTD1PMN
                 	LDS  R26,@0
                 	LDS  R27,@0+1
                 	SUBI R26,LOW(-@1)
                 	SBCI R27,HIGH(-@1)
                 	CALL __PUTDP1
                 	.ENDM
                 
                 	.MACRO __PUTB1PMNS
                 	LDS  R26,@0
                 	LDS  R27,@0+1
                 	ADIW R26,@1
                 	ST   X,R30
                 	.ENDM
                 
                 	.MACRO __PUTW1PMNS
                 	LDS  R26,@0
                 	LDS  R27,@0+1
                 	ADIW R26,@1
                 	ST   X+,R30
                 	ST   X,R31
                 	.ENDM
                 
                 	.MACRO __PUTD1PMNS
                 	LDS  R26,@0
                 	LDS  R27,@0+1
                 	ADIW R26,@1
                 	CALL __PUTDP1
                 	.ENDM
                 
                 	.MACRO __PUTB1RN
                 	MOVW R26,R@0
                 	SUBI R26,LOW(-@1)
                 	SBCI R27,HIGH(-@1)
                 	ST   X,R30
                 	.ENDM
                 
                 	.MACRO __PUTW1RN
                 	MOVW R26,R@0
                 	SUBI R26,LOW(-@1)
                 	SBCI R27,HIGH(-@1)
                 	ST   X+,R30
                 	ST   X,R31
                 	.ENDM
                 
                 	.MACRO __PUTD1RN
                 	MOVW R26,R@0
                 	SUBI R26,LOW(-@1)
                 	SBCI R27,HIGH(-@1)
                 	CALL __PUTDP1
                 	.ENDM
                 
                 	.MACRO __PUTB1RNS
                 	MOVW R26,R@0
                 	ADIW R26,@1
                 	ST   X,R30
                 	.ENDM
                 
                 	.MACRO __PUTW1RNS
                 	MOVW R26,R@0
                 	ADIW R26,@1
                 	ST   X+,R30
                 	ST   X,R31
                 	.ENDM
                 
                 	.MACRO __PUTD1RNS
                 	MOVW R26,R@0
                 	ADIW R26,@1
                 	CALL __PUTDP1
                 	.ENDM
                 
                 	.MACRO __PUTB1RON
                 	MOV  R26,R@0
                 	MOV  R27,R@1
                 	SUBI R26,LOW(-@2)
                 	SBCI R27,HIGH(-@2)
                 	ST   X,R30
                 	.ENDM
                 
                 	.MACRO __PUTW1RON
                 	MOV  R26,R@0
                 	MOV  R27,R@1
                 	SUBI R26,LOW(-@2)
                 	SBCI R27,HIGH(-@2)
                 	ST   X+,R30
                 	ST   X,R31
                 	.ENDM
                 
                 	.MACRO __PUTD1RON
                 	MOV  R26,R@0
                 	MOV  R27,R@1
                 	SUBI R26,LOW(-@2)
                 	SBCI R27,HIGH(-@2)
                 	CALL __PUTDP1
                 	.ENDM
                 
                 	.MACRO __PUTB1RONS
                 	MOV  R26,R@0
                 	MOV  R27,R@1
                 	ADIW R26,@2
                 	ST   X,R30
                 	.ENDM
                 
                 	.MACRO __PUTW1RONS
                 	MOV  R26,R@0
                 	MOV  R27,R@1
                 	ADIW R26,@2
                 	ST   X+,R30
                 	ST   X,R31
                 	.ENDM
                 
                 	.MACRO __PUTD1RONS
                 	MOV  R26,R@0
                 	MOV  R27,R@1
                 	ADIW R26,@2
                 	CALL __PUTDP1
                 	.ENDM
                 
                 
                 	.MACRO __GETB1SX
                 	MOVW R30,R28
                 	SUBI R30,LOW(-@0)
                 	SBCI R31,HIGH(-@0)
                 	LD   R30,Z
                 	.ENDM
                 
                 	.MACRO __GETB1HSX
                 	MOVW R30,R28
                 	SUBI R30,LOW(-@0)
                 	SBCI R31,HIGH(-@0)
                 	LD   R31,Z
                 	.ENDM
                 
                 	.MACRO __GETW1SX
                 	MOVW R30,R28
                 	SUBI R30,LOW(-@0)
                 	SBCI R31,HIGH(-@0)
                 	LD   R0,Z+
                 	LD   R31,Z
                 	MOV  R30,R0
                 	.ENDM
                 
                 	.MACRO __GETD1SX
                 	MOVW R30,R28
                 	SUBI R30,LOW(-@0)
                 	SBCI R31,HIGH(-@0)
                 	LD   R0,Z+
                 	LD   R1,Z+
                 	LD   R22,Z+
                 	LD   R23,Z
                 	MOVW R30,R0
                 	.ENDM
                 
                 	.MACRO __GETB2SX
                 	MOVW R26,R28
                 	SUBI R26,LOW(-@0)
                 	SBCI R27,HIGH(-@0)
                 	LD   R26,X
                 	.ENDM
                 
                 	.MACRO __GETW2SX
                 	MOVW R26,R28
                 	SUBI R26,LOW(-@0)
                 	SBCI R27,HIGH(-@0)
                 	LD   R0,X+
                 	LD   R27,X
                 	MOV  R26,R0
                 	.ENDM
                 
                 	.MACRO __GETD2SX
                 	MOVW R26,R28
                 	SUBI R26,LOW(-@0)
                 	SBCI R27,HIGH(-@0)
                 	LD   R0,X+
                 	LD   R1,X+
                 	LD   R24,X+
                 	LD   R25,X
                 	MOVW R26,R0
                 	.ENDM
                 
                 	.MACRO __GETBRSX
                 	MOVW R30,R28
                 	SUBI R30,LOW(-@1)
                 	SBCI R31,HIGH(-@1)
                 	LD   R@0,Z
                 	.ENDM
                 
                 	.MACRO __GETWRSX
                 	MOVW R30,R28
                 	SUBI R30,LOW(-@2)
                 	SBCI R31,HIGH(-@2)
                 	LD   R@0,Z+
                 	LD   R@1,Z
                 	.ENDM
                 
                 	.MACRO __GETBRSX2
                 	MOVW R26,R28
                 	SUBI R26,LOW(-@1)
                 	SBCI R27,HIGH(-@1)
                 	LD   R@0,X
                 	.ENDM
                 
                 	.MACRO __GETWRSX2
                 	MOVW R26,R28
                 	SUBI R26,LOW(-@2)
                 	SBCI R27,HIGH(-@2)
                 	LD   R@0,X+
                 	LD   R@1,X
                 	.ENDM
                 
                 	.MACRO __LSLW8SX
                 	MOVW R30,R28
                 	SUBI R30,LOW(-@0)
                 	SBCI R31,HIGH(-@0)
                 	LD   R31,Z
                 	CLR  R30
                 	.ENDM
                 
                 	.MACRO __PUTB1SX
                 	MOVW R26,R28
                 	SUBI R26,LOW(-@0)
                 	SBCI R27,HIGH(-@0)
                 	ST   X,R30
                 	.ENDM
                 
                 	.MACRO __PUTW1SX
                 	MOVW R26,R28
                 	SUBI R26,LOW(-@0)
                 	SBCI R27,HIGH(-@0)
                 	ST   X+,R30
                 	ST   X,R31
                 	.ENDM
                 
                 	.MACRO __PUTD1SX
                 	MOVW R26,R28
                 	SUBI R26,LOW(-@0)
                 	SBCI R27,HIGH(-@0)
                 	ST   X+,R30
                 	ST   X+,R31
                 	ST   X+,R22
                 	ST   X,R23
                 	.ENDM
                 
                 	.MACRO __CLRW1SX
                 	MOVW R26,R28
                 	SUBI R26,LOW(-@0)
                 	SBCI R27,HIGH(-@0)
                 	ST   X+,R30
                 	ST   X,R30
                 	.ENDM
                 
                 	.MACRO __CLRD1SX
                 	MOVW R26,R28
                 	SUBI R26,LOW(-@0)
                 	SBCI R27,HIGH(-@0)
                 	ST   X+,R30
                 	ST   X+,R30
                 	ST   X+,R30
                 	ST   X,R30
                 	.ENDM
                 
                 	.MACRO __PUTB2SX
                 	MOVW R30,R28
                 	SUBI R30,LOW(-@0)
                 	SBCI R31,HIGH(-@0)
                 	ST   Z,R26
                 	.ENDM
                 
                 	.MACRO __PUTW2SX
                 	MOVW R30,R28
                 	SUBI R30,LOW(-@0)
                 	SBCI R31,HIGH(-@0)
                 	ST   Z+,R26
                 	ST   Z,R27
                 	.ENDM
                 
                 	.MACRO __PUTD2SX
                 	MOVW R30,R28
                 	SUBI R30,LOW(-@0)
                 	SBCI R31,HIGH(-@0)
                 	ST   Z+,R26
                 	ST   Z+,R27
                 	ST   Z+,R24
                 	ST   Z,R25
                 	.ENDM
                 
                 	.MACRO __PUTBSRX
                 	MOVW R30,R28
                 	SUBI R30,LOW(-@1)
                 	SBCI R31,HIGH(-@1)
                 	ST   Z,R@0
                 	.ENDM
                 
                 	.MACRO __PUTWSRX
                 	MOVW R30,R28
                 	SUBI R30,LOW(-@2)
                 	SBCI R31,HIGH(-@2)
                 	ST   Z+,R@0
                 	ST   Z,R@1
                 	.ENDM
                 
                 	.MACRO __PUTB1SNX
                 	MOVW R26,R28
                 	SUBI R26,LOW(-@0)
                 	SBCI R27,HIGH(-@0)
                 	LD   R0,X+
                 	LD   R27,X
                 	MOV  R26,R0
                 	SUBI R26,LOW(-@1)
                 	SBCI R27,HIGH(-@1)
                 	ST   X,R30
                 	.ENDM
                 
                 	.MACRO __PUTW1SNX
                 	MOVW R26,R28
                 	SUBI R26,LOW(-@0)
                 	SBCI R27,HIGH(-@0)
                 	LD   R0,X+
                 	LD   R27,X
                 	MOV  R26,R0
                 	SUBI R26,LOW(-@1)
                 	SBCI R27,HIGH(-@1)
                 	ST   X+,R30
                 	ST   X,R31
                 	.ENDM
                 
                 	.MACRO __PUTD1SNX
                 	MOVW R26,R28
                 	SUBI R26,LOW(-@0)
                 	SBCI R27,HIGH(-@0)
                 	LD   R0,X+
                 	LD   R27,X
                 	MOV  R26,R0
                 	SUBI R26,LOW(-@1)
                 	SBCI R27,HIGH(-@1)
                 	ST   X+,R30
                 	ST   X+,R31
                 	ST   X+,R22
                 	ST   X,R23
                 	.ENDM
                 
                 	.MACRO __MULBRR
                 	MULS R@0,R@1
                 	MOVW R30,R0
                 	.ENDM
                 
                 	.MACRO __MULBRRU
                 	MUL  R@0,R@1
                 	MOVW R30,R0
                 	.ENDM
                 
                 	.MACRO __MULBRR0
                 	MULS R@0,R@1
                 	.ENDM
                 
                 	.MACRO __MULBRRU0
                 	MUL  R@0,R@1
                 	.ENDM
                 
                 	.MACRO __MULBNWRU
                 	LDI  R26,@2
                 	MUL  R26,R@0
                 	MOVW R30,R0
                 	MUL  R26,R@1
                 	ADD  R31,R0
                 	.ENDM
                 
                 ;NAME DEFINITIONS FOR GLOBAL VARIABLES ALLOCATED TO REGISTERS
                 	.DEF _buf=R5
                 	.DEF _state=R6
                 	.DEF _lcd_backlight=R8
                 	.DEF __lcd_x=R4
                 	.DEF __lcd_y=R11
                 	.DEF __lcd_maxx=R10
                 
                 	.CSEG
                 	.ORG 0x00
                 
                 ;START OF CODE MARKER
                 __START_OF_CODE:
                 
                 ;INTERRUPT VECTORS
000000 940c 008a 	JMP  __RESET
000002 940c 00ea 	JMP  _ext_int0_isr
000004 940c 0000 	JMP  0x00
000006 940c 0000 	JMP  0x00
000008 940c 0000 	JMP  0x00
00000a 940c 0000 	JMP  0x00
00000c 940c 0000 	JMP  0x00
00000e 940c 0000 	JMP  0x00
000010 940c 0000 	JMP  0x00
000012 940c 0000 	JMP  0x00
000014 940c 0000 	JMP  0x00
000016 940c 0000 	JMP  0x00
000018 940c 0000 	JMP  0x00
00001a 940c 0000 	JMP  0x00
00001c 940c 0000 	JMP  0x00
00001e 940c 0000 	JMP  0x00
000020 940c 00c4 	JMP  _adc_isr
000022 940c 0000 	JMP  0x00
000024 940c 0000 	JMP  0x00
000026 940c 0000 	JMP  0x00
000028 940c 0000 	JMP  0x00
                 
                 __base_y_G100:
00002a a080
00002b e0c0      	.DB  0x80,0xA0,0xC0,0xE0
                 _tbl10_G101:
00002c 2710
00002d 03e8
00002e 0064
00002f 000a      	.DB  0x10,0x27,0xE8,0x3,0x64,0x0,0xA,0x0
000030 0001      	.DB  0x1,0x0
                 _tbl16_G101:
000031 1000
000032 0100
000033 0010
000034 0001      	.DB  0x0,0x10,0x0,0x1,0x10,0x0,0x1,0x0
                 
                 _0x0:
000035 6557
000036 636c
000037 6d6f
000038 2e65      	.DB  0x57,0x65,0x6C,0x63,0x6F,0x6D,0x65,0x2E
000039 5300
00003a 6174
00003b 7472
00003c 6e69      	.DB  0x0,0x53,0x74,0x61,0x72,0x74,0x69,0x6E
00003d 2067
00003e 7953
00003f 7473
000040 6d65      	.DB  0x67,0x20,0x53,0x79,0x73,0x74,0x65,0x6D
000041 002e
000042 6552
000043 6563
000044 7669      	.DB  0x2E,0x0,0x52,0x65,0x63,0x65,0x69,0x76
000045 6e69
000046 0067
000047 6553
000048 646e      	.DB  0x69,0x6E,0x67,0x0,0x53,0x65,0x6E,0x64
000049 7320
00004a 6e65
00004b 6f73
00004c 7372      	.DB  0x20,0x73,0x65,0x6E,0x73,0x6F,0x72,0x73
00004d 6420
00004e 7461
00004f 0061
000050 6c43      	.DB  0x20,0x64,0x61,0x74,0x61,0x0,0x43,0x6C
000051 6165
000052 2072
000053 756f
000054 7074      	.DB  0x65,0x61,0x72,0x20,0x6F,0x75,0x74,0x70
000055 7475
000056 5300
000057 7465
000058 6f20      	.DB  0x75,0x74,0x0,0x53,0x65,0x74,0x20,0x6F
000059 7475
00005a 7570
00005b 0074
00005c 7550      	.DB  0x75,0x74,0x70,0x75,0x74,0x0,0x50,0x75
00005d 6c6c
00005e 6f20
00005f 7475
000060 7570      	.DB  0x6C,0x6C,0x20,0x6F,0x75,0x74,0x70,0x75
000061 0074
000062 6e49
000063 6176
000064 696c      	.DB  0x74,0x0,0x49,0x6E,0x76,0x61,0x6C,0x69
000065 2064
000066 6572
000067 0071      	.DB  0x64,0x20,0x72,0x65,0x71,0x0
                 _0x2040060:
C:\Users\Saleh\Desktop\az riz project\List\prj.asm(1130): warning: .cseg .db misalignment - padding zero byte
000068 0001      	.DB  0x1
                 _0x2040000:
000069 4e2d
00006a 4e41
00006b 4900
00006c 464e      	.DB  0x2D,0x4E,0x41,0x4E,0x0,0x49,0x4E,0x46
C:\Users\Saleh\Desktop\az riz project\List\prj.asm(1133): warning: .cseg .db misalignment - padding zero byte
00006d 0000      	.DB  0x0
                 
                 __GLOBAL_INI_TBL:
00006e 0009      	.DW  0x09
00006f 0260      	.DW  _0x1D
000070 006a      	.DW  _0x0*2
                 
000071 0011      	.DW  0x11
000072 0269      	.DW  _0x1D+9
000073 0073      	.DW  _0x0*2+9
                 
000074 000a      	.DW  0x0A
000075 027a      	.DW  _0x1D+26
000076 0084      	.DW  _0x0*2+26
                 
000077 0012      	.DW  0x12
000078 0284      	.DW  _0x1D+36
000079 008e      	.DW  _0x0*2+36
                 
00007a 000d      	.DW  0x0D
00007b 0296      	.DW  _0x1D+54
00007c 00a0      	.DW  _0x0*2+54
                 
00007d 000b      	.DW  0x0B
00007e 02a3      	.DW  _0x1D+67
00007f 00ad      	.DW  _0x0*2+67
                 
000080 000c      	.DW  0x0C
000081 02ae      	.DW  _0x1D+78
000082 00b8      	.DW  _0x0*2+78
                 
000083 000c      	.DW  0x0C
000084 02ba      	.DW  _0x1D+90
000085 00c4      	.DW  _0x0*2+90
                 
000086 0001      	.DW  0x01
000087 02db      	.DW  __seed_G102
000088 00d0      	.DW  _0x2040060*2
                 
                 _0xFFFFFFFF:
000089 0000      	.DW  0
                 
                 __RESET:
00008a 94f8      	CLI
00008b 27ee      	CLR  R30
00008c bbec      	OUT  EECR,R30
                 
                 ;INTERRUPT VECTORS ARE PLACED
                 ;AT THE START OF FLASH
00008d e0f1      	LDI  R31,1
00008e bff5      	OUT  MCUCR,R31
00008f bfe5      	OUT  MCUCR,R30
                 
                 ;DISABLE WATCHDOG
000090 e1f8      	LDI  R31,0x18
000091 bdf1      	OUT  WDTCR,R31
000092 bde1      	OUT  WDTCR,R30
                 
                 ;CLEAR R2-R14
000093 e08d      	LDI  R24,(14-2)+1
000094 e0a2      	LDI  R26,2
000095 27bb      	CLR  R27
                 __CLEAR_REG:
000096 93ed      	ST   X+,R30
000097 958a      	DEC  R24
000098 f7e9      	BRNE __CLEAR_REG
                 
                 ;CLEAR SRAM
000099 e080      	LDI  R24,LOW(__CLEAR_SRAM_SIZE)
00009a e098      	LDI  R25,HIGH(__CLEAR_SRAM_SIZE)
00009b e6a0      	LDI  R26,__SRAM_START
                 __CLEAR_SRAM:
00009c 93ed      	ST   X+,R30
00009d 9701      	SBIW R24,1
00009e f7e9      	BRNE __CLEAR_SRAM
                 
                 ;GLOBAL VARIABLES INITIALIZATION
00009f edec      	LDI  R30,LOW(__GLOBAL_INI_TBL*2)
0000a0 e0f0      	LDI  R31,HIGH(__GLOBAL_INI_TBL*2)
                 __GLOBAL_INI_NEXT:
0000a1 9185      	LPM  R24,Z+
0000a2 9195      	LPM  R25,Z+
0000a3 9700      	SBIW R24,0
0000a4 f061      	BREQ __GLOBAL_INI_END
0000a5 91a5      	LPM  R26,Z+
0000a6 91b5      	LPM  R27,Z+
0000a7 9005      	LPM  R0,Z+
0000a8 9015      	LPM  R1,Z+
0000a9 01bf      	MOVW R22,R30
0000aa 01f0      	MOVW R30,R0
                 __GLOBAL_INI_LOOP:
0000ab 9005      	LPM  R0,Z+
0000ac 920d      	ST   X+,R0
0000ad 9701      	SBIW R24,1
0000ae f7e1      	BRNE __GLOBAL_INI_LOOP
0000af 01fb      	MOVW R30,R22
0000b0 cff0      	RJMP __GLOBAL_INI_NEXT
                 __GLOBAL_INI_END:
                 
                 ;HARDWARE STACK POINTER INITIALIZATION
0000b1 e5ef      	LDI  R30,LOW(__SRAM_END-__HEAP_SIZE)
0000b2 bfed      	OUT  SPL,R30
0000b3 e0e8      	LDI  R30,HIGH(__SRAM_END-__HEAP_SIZE)
0000b4 bfee      	OUT  SPH,R30
                 
                 ;DATA STACK POINTER INITIALIZATION
0000b5 e6c0      	LDI  R28,LOW(__SRAM_START+__DSTACK_SIZE)
0000b6 e0d2      	LDI  R29,HIGH(__SRAM_START+__DSTACK_SIZE)
                 
0000b7 940c 012b 	JMP  _main
                 
                 	.ESEG
                 	.ORG 0
                 
                 	.DSEG
                 	.ORG 0x260
                 
                 	.CSEG
                 ;/*****************************************************
                 ;This program was produced by the
                 ;CodeWizardAVR V2.05.3 Standard
                 ;Automatic Program Generator
                 ;© Copyright 1998-2011 Pavel Haiduc, HP InfoTech s.r.l.
                 ;http://www.hpinfotech.com
                 ;
                 ;Project :
                 ;Version :
                 ;Date    : 12/27/2015
                 ;Author  : Saleh
                 ;Company : GRCG
                 ;Comments:
                 ;
                 ;
                 ;Chip type               : ATmega32A
                 ;Program type            : Application
                 ;AVR Core Clock frequency: 12.000000 MHz
                 ;Memory model            : Small
                 ;External RAM size       : 0
                 ;Data Stack size         : 512
                 ;*****************************************************/
                 ;
                 ;#include <mega32a.h>
                 	#ifndef __SLEEP_DEFINED__
                 	#define __SLEEP_DEFINED__
                 	.EQU __se_bit=0x80
                 	.EQU __sm_mask=0x70
                 	.EQU __sm_powerdown=0x20
                 	.EQU __sm_powersave=0x30
                 	.EQU __sm_standby=0x60
                 	.EQU __sm_ext_standby=0x70
                 	.EQU __sm_adc_noise_red=0x10
                 	.SET power_ctrl_reg=mcucr
                 	#endif
                 ;
                 ;#include <alcd_ks0073.h>
                 ;
                 ;#include <delay.h>
                 ;#include <stdio.h>
                 ;#include <stdlib.h>
                 ;#include <string.h>
                 ;
                 ;#ifndef RXB8
                 ;	#define RXB8 1
                 ;#endif
                 ;
                 ;#ifndef TXB8
                 ;	#define TXB8 0
                 ;#endif
                 ;
                 ;#ifndef UPE
                 ;	#define UPE 2
                 ;#endif
                 ;
                 ;#ifndef DOR
                 ;	#define DOR 3
                 ;#endif
                 ;
                 ;#ifndef FE
                 ;	#define FE 4
                 ;#endif
                 ;
                 ;#ifndef UDRE
                 ;	#define UDRE 5
                 ;#endif
                 ;
                 ;#ifndef RXC
                 ;	#define RXC 7
                 ;#endif
                 ;
                 ;#define FRAMING_ERROR (1<<FE)
                 ;#define PARITY_ERROR (1<<UPE)
                 ;#define DATA_OVERRUN (1<<DOR)
                 ;#define DATA_REGISTER_EMPTY (1<<UDRE)
                 ;#define RX_COMPLETE (1<<RXC)
                 ;
                 ;#define F_CPU 16000000
                 ;#define BAUDRATE 9600
                 ;#define BAUD_PRESCALLER (((F_CPU / (BAUDRATE * 16UL))) - 1)
                 ;
                 ;#define FIRST_ADC_INPUT 0
                 ;#define LAST_ADC_INPUT 7
                 ;#define ADC_VREF_TYPE 0x20
                 ;
                 ;unsigned char adc_data[8];
                 ;char output[12];
                 ;char buf;
                 ;int state;
                 ;int lcd_backlight;
                 ;
                 ;unsigned char USART_receive(void){
                 ; 0000 0051 unsigned char USART_receive(void){
                 
                 	.CSEG
                 _USART_receive:
                 ; 0000 0052 	while(!(UCSRA & (1<<RXC)));
                 _0x3:
0000b9 9b5f      	SBIS 0xB,7
0000ba cffe      	RJMP _0x3
                 ; 0000 0053 	return UDR;
0000bb b1ec      	IN   R30,0xC
0000bc 9508      	RET
                 ; 0000 0054 }
                 ;
                 ;/* Function to send byte/char */
                 ;void USART_send( unsigned char data){
                 ; 0000 0057 void USART_send( unsigned char data){
                 _USART_send:
                 ; 0000 0058 	while(!(UCSRA & (1<<UDRE)));
0000bd 93aa      	ST   -Y,R26
                 ;	data -> Y+0
                 _0x6:
0000be 9b5d      	SBIS 0xB,5
0000bf cffe      	RJMP _0x6
                 ; 0000 0059 	UDR = data;
0000c0 81e8      	LD   R30,Y
0000c1 b9ec      	OUT  0xC,R30
                 ; 0000 005A }
0000c2 940c 0287 	JMP  _0x20C0001
                 ;
                 ;/* Send string */
                 ;/*
                 ;void USART_putstring(char* StringPtr){
                 ;	while(*StringPtr != 0x00){
                 ;		USART_send(*StringPtr);
                 ;	StringPtr++;}
                 ;}
                 ;*/
                 ;// ADC interrupt service routine
                 ;// with auto input scanning
                 ;interrupt [ADC_INT] void adc_isr(void)
                 ; 0000 0067 {
                 _adc_isr:
0000c4 938a      	ST   -Y,R24
0000c5 93aa      	ST   -Y,R26
0000c6 93ba      	ST   -Y,R27
0000c7 93ea      	ST   -Y,R30
0000c8 b7ef      	IN   R30,SREG
0000c9 93ea      	ST   -Y,R30
                 ; 0000 0068 	static unsigned char input_index=0;
                 ; 0000 0069 	// Read the 8 most significant bits
                 ; 0000 006A 	// of the AD conversion result
                 ; 0000 006B 	adc_data[input_index]=ADCH;
0000ca 91a0 02da 	LDS  R26,_input_index_S0000002000
0000cc e0b0      	LDI  R27,0
0000cd 53aa      	SUBI R26,LOW(-_adc_data)
0000ce 4fbd      	SBCI R27,HIGH(-_adc_data)
0000cf b1e5      	IN   R30,0x5
0000d0 93ec      	ST   X,R30
                 ; 0000 006C 	// Select next ADC input
                 ; 0000 006D 	if (++input_index > (LAST_ADC_INPUT-FIRST_ADC_INPUT))
0000d1 91a0 02da 	LDS  R26,_input_index_S0000002000
0000d3 5faf      	SUBI R26,-LOW(1)
0000d4 93a0 02da 	STS  _input_index_S0000002000,R26
0000d6 30a8      	CPI  R26,LOW(0x8)
0000d7 f018      	BRLO _0x9
                 ; 0000 006E 	   input_index=0;
0000d8 e0e0      	LDI  R30,LOW(0)
0000d9 93e0 02da 	STS  _input_index_S0000002000,R30
                 ; 0000 006F 	ADMUX=(FIRST_ADC_INPUT | (ADC_VREF_TYPE & 0xff))+input_index;
                 _0x9:
0000db 91e0 02da 	LDS  R30,_input_index_S0000002000
0000dd 5ee0      	SUBI R30,-LOW(32)
0000de b9e7      	OUT  0x7,R30
                 ; 0000 0070 	// Delay needed for the stabilization of the ADC input voltage
                 ; 0000 0071 	delay_us(10);
                +
0000df e288     +LDI R24 , LOW ( 40 )
                +__DELAY_USB_LOOP :
0000e0 958a     +DEC R24
0000e1 f7f1     +BRNE __DELAY_USB_LOOP
                 	__DELAY_USB 40
                 ; 0000 0072 	// Start the AD conversion
                 ; 0000 0073 	ADCSRA|=0x40;
0000e2 9a36      	SBI  0x6,6
                 ; 0000 0074 }
0000e3 91e9      	LD   R30,Y+
0000e4 bfef      	OUT  SREG,R30
0000e5 91e9      	LD   R30,Y+
0000e6 91b9      	LD   R27,Y+
0000e7 91a9      	LD   R26,Y+
0000e8 9189      	LD   R24,Y+
0000e9 9518      	RETI
                 ;
                 ;// External Interrupt 0 service routine
                 ;interrupt [EXT_INT0] void ext_int0_isr(void)
                 ; 0000 0078 {
                 _ext_int0_isr:
0000ea 93ea      	ST   -Y,R30
0000eb 93fa      	ST   -Y,R31
                 ; 0000 0079 	// Place your code here
                 ; 0000 007A     lcd_backlight = 10;
0000ec e0ea      	LDI  R30,LOW(10)
0000ed e0f0      	LDI  R31,HIGH(10)
0000ee 014f      	MOVW R8,R30
                 ; 0000 007B }
0000ef 91f9      	LD   R31,Y+
0000f0 91e9      	LD   R30,Y+
0000f1 9518      	RETI
                 ;
                 ;// Timer 0 overflow interrupt service routine
                 ;void update(void)
                 ; 0000 007F {
                 _update:
                 ; 0000 0080 /*
                 ; 0000 0081     // Place your code here
                 ; 0000 0082 	char str[16];
                 ; 0000 0083     // 8 sensor, 12 output (8 220V, 4 5V)
                 ; 0000 0084     // 16 chars
                 ; 0000 0085     switch ( state )
                 ; 0000 0086     {
                 ; 0000 0087         case 0:
                 ; 0000 0088 //            sprintf(str,"SSM Smart Home %c",computer_state);
                 ; 0000 0089             break ;
                 ; 0000 008A         case 1:
                 ; 0000 008B             sprintf(str,"S1:%d,S2:%d,C%c",adc_data[0],adc_data[1],buf);
                 ; 0000 008C             break ;
                 ; 0000 008D         case 2:
                 ; 0000 008E             sprintf(str,"S3:%d,S4:%d,C%c",adc_data[2],adc_data[3],buf);
                 ; 0000 008F             break ;
                 ; 0000 0090         case 3:
                 ; 0000 0091             sprintf(str,"S5:%d,S6:%d,C%c",adc_data[4],adc_data[5],buf);
                 ; 0000 0092             break ;
                 ; 0000 0093         case 4:
                 ; 0000 0094             sprintf(str,"S7:%d,S8:%d,C%c",adc_data[6],adc_data[7],buf);
                 ; 0000 0095             break ;
                 ; 0000 0096         case 5:
                 ; 0000 0097             sprintf(str,"O0:%d,O1:%d,C%c",output[0],output[1],buf);
                 ; 0000 0098             break ;
                 ; 0000 0099         case 6:
                 ; 0000 009A             sprintf(str,"O2:%d,O3:%d,C%c",output[2],output[3],buf);
                 ; 0000 009B             break ;
                 ; 0000 009C         case 7:
                 ; 0000 009D             sprintf(str,"O4:%d,O5:%d,C%c",output[4],output[5],buf);
                 ; 0000 009E             break ;
                 ; 0000 009F         case 8:
                 ; 0000 00A0             sprintf(str,"O6:%d,O7:%d,C%c",output[6],output[7],buf);
                 ; 0000 00A1             break ;
                 ; 0000 00A2     }
                 ; 0000 00A3     lcd_clear();
                 ; 0000 00A4     lcd_puts(str);
                 ; 0000 00A5 
                 ; 0000 00A6     lcd_backlight --;
                 ; 0000 00A7     if ( lcd_backlight > 0 )
                 ; 0000 00A8     {
                 ; 0000 00A9         PORTB.3 = 1;
                 ; 0000 00AA     }
                 ; 0000 00AB     else
                 ; 0000 00AC     {
                 ; 0000 00AD         PORTB.3 = 0;
                 ; 0000 00AE     }
                 ; 0000 00AF     */
                 ; 0000 00B0     PORTC.0 = output[0];
0000f2 91e0 02ce 	LDS  R30,_output
0000f4 30e0      	CPI  R30,0
0000f5 f411      	BRNE _0xA
0000f6 98a8      	CBI  0x15,0
0000f7 c001      	RJMP _0xB
                 _0xA:
0000f8 9aa8      	SBI  0x15,0
                 _0xB:
                 ; 0000 00B1     PORTC.1 = output[1];
                +
0000f9 91e0 02cf+LDS R30 , _output + ( 1 )
                 	__GETB1MN _output,1
0000fb 30e0      	CPI  R30,0
0000fc f411      	BRNE _0xC
0000fd 98a9      	CBI  0x15,1
0000fe c001      	RJMP _0xD
                 _0xC:
0000ff 9aa9      	SBI  0x15,1
                 _0xD:
                 ; 0000 00B2     PORTC.2 = output[2];
                +
000100 91e0 02d0+LDS R30 , _output + ( 2 )
                 	__GETB1MN _output,2
000102 30e0      	CPI  R30,0
000103 f411      	BRNE _0xE
000104 98aa      	CBI  0x15,2
000105 c001      	RJMP _0xF
                 _0xE:
000106 9aaa      	SBI  0x15,2
                 _0xF:
                 ; 0000 00B3     PORTC.3 = output[3];
                +
000107 91e0 02d1+LDS R30 , _output + ( 3 )
                 	__GETB1MN _output,3
000109 30e0      	CPI  R30,0
00010a f411      	BRNE _0x10
00010b 98ab      	CBI  0x15,3
00010c c001      	RJMP _0x11
                 _0x10:
00010d 9aab      	SBI  0x15,3
                 _0x11:
                 ; 0000 00B4     PORTC.4 = output[4];
                +
00010e 91e0 02d2+LDS R30 , _output + ( 4 )
                 	__GETB1MN _output,4
000110 30e0      	CPI  R30,0
000111 f411      	BRNE _0x12
000112 98ac      	CBI  0x15,4
000113 c001      	RJMP _0x13
                 _0x12:
000114 9aac      	SBI  0x15,4
                 _0x13:
                 ; 0000 00B5     PORTC.5 = output[5];
                +
000115 91e0 02d3+LDS R30 , _output + ( 5 )
                 	__GETB1MN _output,5
000117 30e0      	CPI  R30,0
000118 f411      	BRNE _0x14
000119 98ad      	CBI  0x15,5
00011a c001      	RJMP _0x15
                 _0x14:
00011b 9aad      	SBI  0x15,5
                 _0x15:
                 ; 0000 00B6     PORTC.6 = output[6];
                +
00011c 91e0 02d4+LDS R30 , _output + ( 6 )
                 	__GETB1MN _output,6
00011e 30e0      	CPI  R30,0
00011f f411      	BRNE _0x16
000120 98ae      	CBI  0x15,6
000121 c001      	RJMP _0x17
                 _0x16:
000122 9aae      	SBI  0x15,6
                 _0x17:
                 ; 0000 00B7     PORTC.7 = output[7];
                +
000123 91e0 02d5+LDS R30 , _output + ( 7 )
                 	__GETB1MN _output,7
000125 30e0      	CPI  R30,0
000126 f411      	BRNE _0x18
000127 98af      	CBI  0x15,7
000128 c001      	RJMP _0x19
                 _0x18:
000129 9aaf      	SBI  0x15,7
                 _0x19:
                 ; 0000 00B8 }
00012a 9508      	RET
                 ;
                 ;// Declare your global variables here
                 ;void main(void)
                 ; 0000 00BC {
                 _main:
                 ; 0000 00BD     int i;
                 ; 0000 00BE 	// Declare your local variables here
                 ; 0000 00BF     state = 0;
                 ;	i -> R16,R17
00012b 2466      	CLR  R6
00012c 2477      	CLR  R7
                 ; 0000 00C0     lcd_backlight = 10;
00012d e0ea      	LDI  R30,LOW(10)
00012e e0f0      	LDI  R31,HIGH(10)
00012f 014f      	MOVW R8,R30
                 ; 0000 00C1     for ( i = 0 ; i < 12 ; i ++ )
                +
000130 e000     +LDI R16 , LOW ( 0 )
000131 e010     +LDI R17 , HIGH ( 0 )
                 	__GETWRN 16,17,0
                 _0x1B:
                +
000132 300c     +CPI R16 , LOW ( 12 )
000133 e0e0     +LDI R30 , HIGH ( 12 )
000134 071e     +CPC R17 , R30
                 	__CPWRN 16,17,12
000135 f44c      	BRGE _0x1C
                 ; 0000 00C2     {
                 ; 0000 00C3         output[i] = 0 ;
000136 ecae      	LDI  R26,LOW(_output)
000137 e0b2      	LDI  R27,HIGH(_output)
000138 0fa0      	ADD  R26,R16
000139 1fb1      	ADC  R27,R17
00013a e0e0      	LDI  R30,LOW(0)
00013b 93ec      	ST   X,R30
                 ; 0000 00C4     }
                +
00013c 5f0f     +SUBI R16 , LOW ( - 1 )
00013d 4f1f     +SBCI R17 , HIGH ( - 1 )
                 	__ADDWRN 16,17,1
00013e cff3      	RJMP _0x1B
                 _0x1C:
                 ; 0000 00C5 
                 ; 0000 00C6 
                 ; 0000 00C7 	// Input/Output Ports initialization
                 ; 0000 00C8 	// Port A initialization
                 ; 0000 00C9 	// Func7=In Func6=In Func5=In Func4=In Func3=In Func2=In Func1=In Func0=In
                 ; 0000 00CA 	// State7=T State6=T State5=T State4=T State3=T State2=T State1=T State0=T
                 ; 0000 00CB 	PORTA=0x00;
00013f e0e0      	LDI  R30,LOW(0)
000140 bbeb      	OUT  0x1B,R30
                 ; 0000 00CC 	DDRA=0x00;
000141 bbea      	OUT  0x1A,R30
                 ; 0000 00CD 
                 ; 0000 00CE 	// Port B initialization
                 ; 0000 00CF 	// Func7=Out Func6=Out Func5=Out Func4=Out Func3=Out Func2=Out Func1=Out Func0=Out
                 ; 0000 00D0 	// State7=0 State6=0 State5=0 State4=0 State3=0 State2=0 State1=0 State0=0
                 ; 0000 00D1 	PORTB=0x00;
000142 bbe8      	OUT  0x18,R30
                 ; 0000 00D2 	DDRB=0xFF;
000143 efef      	LDI  R30,LOW(255)
000144 bbe7      	OUT  0x17,R30
                 ; 0000 00D3 
                 ; 0000 00D4 	// Port C initialization
                 ; 0000 00D5 	// Func7=Out Func6=Out Func5=Out Func4=Out Func3=Out Func2=Out Func1=Out Func0=Out
                 ; 0000 00D6 	// State7=0 State6=0 State5=0 State4=0 State3=0 State2=0 State1=0 State0=0
                 ; 0000 00D7 	PORTC=0x00;
000145 e0e0      	LDI  R30,LOW(0)
000146 bbe5      	OUT  0x15,R30
                 ; 0000 00D8 	DDRC=0xFF;
000147 efef      	LDI  R30,LOW(255)
000148 bbe4      	OUT  0x14,R30
                 ; 0000 00D9 
                 ; 0000 00DA 	// Port D initialization
                 ; 0000 00DB 	// Func7=Out Func6=Out Func5=Out Func4=Out Func3=Out Func2=In Func1=In Func0=In
                 ; 0000 00DC 	// State7=0 State6=0 State5=0 State4=0 State3=0 State2=P State1=T State0=T
                 ; 0000 00DD 	PORTD=0x04;
000149 e0e4      	LDI  R30,LOW(4)
00014a bbe2      	OUT  0x12,R30
                 ; 0000 00DE 	DDRD=0xF8;
00014b efe8      	LDI  R30,LOW(248)
00014c bbe1      	OUT  0x11,R30
                 ; 0000 00DF 
                 ; 0000 00E0 	// Timer/Counter 0 initialization
                 ; 0000 00E1 	// Clock source: System Clock
                 ; 0000 00E2 	// Clock value: 15.625 kHz
                 ; 0000 00E3 	// Mode: Normal top=0xFF
                 ; 0000 00E4 	// OC0 output: Disconnected
                 ; 0000 00E5 	TCCR0=0x00;
00014d e0e0      	LDI  R30,LOW(0)
00014e bfe3      	OUT  0x33,R30
                 ; 0000 00E6 	TCNT0=0x00;
00014f bfe2      	OUT  0x32,R30
                 ; 0000 00E7 	OCR0=0x00;
000150 bfec      	OUT  0x3C,R30
                 ; 0000 00E8 
                 ; 0000 00E9 	// Timer/Counter 1 initialization
                 ; 0000 00EA 	// Clock source: System Clock
                 ; 0000 00EB 	// Clock value: Timer1 Stopped
                 ; 0000 00EC 	// Mode: Normal top=0xFFFF
                 ; 0000 00ED 	// OC1A output: Discon.
                 ; 0000 00EE 	// OC1B output: Discon.
                 ; 0000 00EF 	// Noise Canceler: Off
                 ; 0000 00F0 	// Input Capture on Falling Edge
                 ; 0000 00F1 	// Timer1 Overflow Interrupt: Off
                 ; 0000 00F2 	// Input Capture Interrupt: Off
                 ; 0000 00F3 	// Compare A Match Interrupt: Off
                 ; 0000 00F4 	// Compare B Match Interrupt: Off
                 ; 0000 00F5 	TCCR1A=0x00;
000151 bdef      	OUT  0x2F,R30
                 ; 0000 00F6 	TCCR1B=0x00;
000152 bdee      	OUT  0x2E,R30
                 ; 0000 00F7 	TCNT1H=0x00;
000153 bded      	OUT  0x2D,R30
                 ; 0000 00F8 	TCNT1L=0x00;
000154 bdec      	OUT  0x2C,R30
                 ; 0000 00F9 	ICR1H=0x00;
000155 bde7      	OUT  0x27,R30
                 ; 0000 00FA 	ICR1L=0x00;
000156 bde6      	OUT  0x26,R30
                 ; 0000 00FB 	OCR1AH=0x00;
000157 bdeb      	OUT  0x2B,R30
                 ; 0000 00FC 	OCR1AL=0x00;
000158 bdea      	OUT  0x2A,R30
                 ; 0000 00FD 	OCR1BH=0x00;
000159 bde9      	OUT  0x29,R30
                 ; 0000 00FE 	OCR1BL=0x00;
00015a bde8      	OUT  0x28,R30
                 ; 0000 00FF 
                 ; 0000 0100 	// Timer/Counter 2 initialization
                 ; 0000 0101 	// Clock source: System Clock
                 ; 0000 0102 	// Clock value: Timer2 Stopped
                 ; 0000 0103 	// Mode: Normal top=0xFF
                 ; 0000 0104 	// OC2 output: Disconnected
                 ; 0000 0105 	ASSR=0x00;
00015b bde2      	OUT  0x22,R30
                 ; 0000 0106 	TCCR2=0x00;
00015c bde5      	OUT  0x25,R30
                 ; 0000 0107 	TCNT2=0x00;
00015d bde4      	OUT  0x24,R30
                 ; 0000 0108 	OCR2=0x00;
00015e bde3      	OUT  0x23,R30
                 ; 0000 0109 
                 ; 0000 010A 	// External Interrupt(s) initialization
                 ; 0000 010B 	// INT0: On
                 ; 0000 010C 	// INT0 Mode: Low level
                 ; 0000 010D 	// INT1: Off
                 ; 0000 010E 	// INT2: Off
                 ; 0000 010F 	GICR|=0x40;
00015f b7eb      	IN   R30,0x3B
000160 64e0      	ORI  R30,0x40
000161 bfeb      	OUT  0x3B,R30
                 ; 0000 0110 	MCUCR=0x00;
000162 e0e0      	LDI  R30,LOW(0)
000163 bfe5      	OUT  0x35,R30
                 ; 0000 0111 	MCUCSR=0x00;
000164 bfe4      	OUT  0x34,R30
                 ; 0000 0112 	GIFR=0x40;
000165 e4e0      	LDI  R30,LOW(64)
000166 bfea      	OUT  0x3A,R30
                 ; 0000 0113 
                 ; 0000 0114 	// Timer(s)/Counter(s) Interrupt(s) initialization
                 ; 0000 0115 	TIMSK=0x00;
000167 e0e0      	LDI  R30,LOW(0)
000168 bfe9      	OUT  0x39,R30
                 ; 0000 0116 
                 ; 0000 0117 	// USART initialization
                 ; 0000 0118 	// Communication Parameters: 8 Data, 1 Stop, No Parity
                 ; 0000 0119 	// USART Receiver: On
                 ; 0000 011A 	// USART Transmitter: On
                 ; 0000 011B 	// USART Mode: Asynchronous
                 ; 0000 011C 	// USART Baud Rate: 9600
                 ; 0000 011D 	UCSRA=0x00;
000169 b9eb      	OUT  0xB,R30
                 ; 0000 011E 	UBRRH = (BAUD_PRESCALLER>>8);
00016a bde0      	OUT  0x20,R30
                 ; 0000 011F 	UBRRL = (BAUD_PRESCALLER);
00016b e6e7      	LDI  R30,LOW(103)
00016c b9e9      	OUT  0x9,R30
                 ; 0000 0120 	UCSRB = (1<<RXEN)|(1<<TXEN);
00016d e1e8      	LDI  R30,LOW(24)
00016e b9ea      	OUT  0xA,R30
                 ; 0000 0121 	UCSRC = (1<<UCSZ0)|(1<<UCSZ1)|(1<<URSEL);
00016f e8e6      	LDI  R30,LOW(134)
000170 bde0      	OUT  0x20,R30
                 ; 0000 0122 
                 ; 0000 0123 	// Analog Comparator initialization
                 ; 0000 0124 	// Analog Comparator: Off
                 ; 0000 0125 	// Analog Comparator Input Capture by Timer/Counter 1: Off
                 ; 0000 0126 	ACSR=0x80;
000171 e8e0      	LDI  R30,LOW(128)
000172 b9e8      	OUT  0x8,R30
                 ; 0000 0127 	SFIOR=0x00;
000173 e0e0      	LDI  R30,LOW(0)
000174 bfe0      	OUT  0x30,R30
                 ; 0000 0128 
                 ; 0000 0129 	// ADC initialization
                 ; 0000 012A 	// ADC Clock frequency: 750.000 kHz
                 ; 0000 012B 	// ADC Voltage Reference: AREF pin
                 ; 0000 012C 	// Only the 8 most significant bits of
                 ; 0000 012D 	// the AD conversion result are used
                 ; 0000 012E 	ADMUX=FIRST_ADC_INPUT | (ADC_VREF_TYPE & 0xff);
000175 e2e0      	LDI  R30,LOW(32)
000176 b9e7      	OUT  0x7,R30
                 ; 0000 012F 	ADCSRA=0xCC;
000177 ecec      	LDI  R30,LOW(204)
000178 b9e6      	OUT  0x6,R30
                 ; 0000 0130 	ADCSR |= (1 << ADSC);
000179 9a36      	SBI  0x6,6
                 ; 0000 0131 
                 ; 0000 0132 	// SPI initialization
                 ; 0000 0133 	// SPI disabled
                 ; 0000 0134 	SPCR=0x00;
00017a e0e0      	LDI  R30,LOW(0)
00017b b9ed      	OUT  0xD,R30
                 ; 0000 0135 
                 ; 0000 0136 	// TWI initialization
                 ; 0000 0137 	// TWI disabled
                 ; 0000 0138 	TWCR=0x00;
00017c bfe6      	OUT  0x36,R30
                 ; 0000 0139 
                 ; 0000 013A 	// Alphanumeric LCD initialization
                 ; 0000 013B 	// Connections are specified in the
                 ; 0000 013C 	// Project|Configure|C Compiler|Libraries|Alphanumeric LCD menu:
                 ; 0000 013D 	// RS - PORTB Bit 0
                 ; 0000 013E 	// RD - PORTB Bit 1
                 ; 0000 013F 	// EN - PORTB Bit 2
                 ; 0000 0140 	// D4 - PORTB Bit 4
                 ; 0000 0141 	// D5 - PORTB Bit 5
                 ; 0000 0142 	// D6 - PORTB Bit 6
                 ; 0000 0143 	// D7 - PORTB Bit 7
                 ; 0000 0144 	// Characters/line: 16
                 ; 0000 0145 
                 ; 0000 0146 	lcd_init(16);
00017d e1a0      	LDI  R26,LOW(16)
00017e 940e 0261 	CALL _lcd_init
                 ; 0000 0147 	lcd_puts("Welcome.");
                +
000180 e6a0     +LDI R26 , LOW ( _0x1D + ( 0 ) )
000181 e0b2     +LDI R27 , HIGH ( _0x1D + ( 0 ) )
                 	__POINTW2MN _0x1D,0
000182 940e 0289 	CALL SUBOPT_0x0
                 ; 0000 0148     delay_ms(500);
                 ; 0000 0149 
                 ; 0000 014A 	#asm("sei")
000184 9478      	sei
                 ; 0000 014B 	PORTD.7 = 1 ;
000185 9a97      	SBI  0x12,7
                 ; 0000 014C     lcd_clear();
000186 940e 022f 	CALL _lcd_clear
                 ; 0000 014D 	lcd_puts("Starting System.");
                +
000188 e6a9     +LDI R26 , LOW ( _0x1D + ( 9 ) )
000189 e0b2     +LDI R27 , HIGH ( _0x1D + ( 9 ) )
                 	__POINTW2MN _0x1D,9
00018a 940e 0289 	CALL SUBOPT_0x0
                 ; 0000 014E     delay_ms(500);
                 ; 0000 014F 	while(1)
                 _0x20:
                 ; 0000 0150 	{
                 ; 0000 0151         lcd_clear();
00018c 940e 022f 	CALL _lcd_clear
                 ; 0000 0152     	lcd_puts("Receiving");
                +
00018e e7aa     +LDI R26 , LOW ( _0x1D + ( 26 ) )
00018f e0b2     +LDI R27 , HIGH ( _0x1D + ( 26 ) )
                 	__POINTW2MN _0x1D,26
000190 940e 0250 	CALL _lcd_puts
                 ; 0000 0153         buf = USART_receive();
000192 df26      	RCALL _USART_receive
000193 2e5e      	MOV  R5,R30
                 ; 0000 0154         PORTD.7 = 1 - PORTD.7 ;
000194 e0e0      	LDI  R30,0
000195 9997      	SBIC 0x12,7
000196 e0e1      	LDI  R30,1
000197 e0a1      	LDI  R26,LOW(1)
000198 940e 02b3 	CALL __SWAPB12
00019a 1bea      	SUB  R30,R26
00019b f411      	BRNE _0x23
00019c 9897      	CBI  0x12,7
00019d c001      	RJMP _0x24
                 _0x23:
00019e 9a97      	SBI  0x12,7
                 _0x24:
                 ; 0000 0155 
                 ; 0000 0156         // get sensor data 01234567
                 ; 0000 0157         if ( buf >= '0' && buf <= '7' )
00019f e3e0      	LDI  R30,LOW(48)
0001a0 165e      	CP   R5,R30
0001a1 f018      	BRLO _0x26
0001a2 e3e7      	LDI  R30,LOW(55)
0001a3 15e5      	CP   R30,R5
0001a4 f408      	BRSH _0x27
                 _0x26:
0001a5 c010      	RJMP _0x25
                 _0x27:
                 ; 0000 0158         {
                 ; 0000 0159             lcd_clear();
0001a6 940e 022f 	CALL _lcd_clear
                 ; 0000 015A         	lcd_puts("Send sensors data");
                +
0001a8 e8a4     +LDI R26 , LOW ( _0x1D + ( 36 ) )
0001a9 e0b2     +LDI R27 , HIGH ( _0x1D + ( 36 ) )
                 	__POINTW2MN _0x1D,36
0001aa 940e 0250 	CALL _lcd_puts
                 ; 0000 015B             #asm ("cli");
0001ac 94f8      	cli
                 ; 0000 015C             delay_ms(20);
0001ad 940e 028f 	CALL SUBOPT_0x1
                 ; 0000 015D             USART_send ( adc_data [ buf - '0' ] );
0001af 97f0      	SBIW R30,48
0001b0 53ea      	SUBI R30,LOW(-_adc_data)
0001b1 4ffd      	SBCI R31,HIGH(-_adc_data)
0001b2 81a0      	LD   R26,Z
0001b3 df09      	RCALL _USART_send
                 ; 0000 015E             #asm ("sei");
0001b4 9478      	sei
                 ; 0000 015F         }
                 ; 0000 0160         // clear output
                 ; 0000 0161         // abcdefgh
                 ; 0000 0162         else if ( buf >= 'a' && buf <= 'h' )
0001b5 c049      	RJMP _0x28
                 _0x25:
0001b6 e6e1      	LDI  R30,LOW(97)
0001b7 165e      	CP   R5,R30
0001b8 f018      	BRLO _0x2A
0001b9 e6e8      	LDI  R30,LOW(104)
0001ba 15e5      	CP   R30,R5
0001bb f408      	BRSH _0x2B
                 _0x2A:
0001bc c00d      	RJMP _0x29
                 _0x2B:
                 ; 0000 0163         {
                 ; 0000 0164             lcd_clear();
0001bd d071      	RCALL _lcd_clear
                 ; 0000 0165         	lcd_puts("Clear output");
                +
0001be e9a6     +LDI R26 , LOW ( _0x1D + ( 54 ) )
0001bf e0b2     +LDI R27 , HIGH ( _0x1D + ( 54 ) )
                 	__POINTW2MN _0x1D,54
0001c0 940e 0296 	CALL SUBOPT_0x2
                 ; 0000 0166             output [ buf - 'a' ] = 0;
0001c2 56e1      	SUBI R30,LOW(97)
0001c3 40f0      	SBCI R31,HIGH(97)
0001c4 53e2      	SUBI R30,LOW(-_output)
0001c5 4ffd      	SBCI R31,HIGH(-_output)
0001c6 e0a0      	LDI  R26,LOW(0)
0001c7 83a0      	STD  Z+0,R26
                 ; 0000 0167             USART_send( '1' );
0001c8 e3a1      	LDI  R26,LOW(49)
0001c9 c034      	RJMP _0x39
                 ; 0000 0168         }
                 ; 0000 0169         // set output
                 ; 0000 016A         else if ( buf >= 'A' && buf <= 'H' )
                 _0x29:
0001ca e4e1      	LDI  R30,LOW(65)
0001cb 165e      	CP   R5,R30
0001cc f018      	BRLO _0x2E
0001cd e4e8      	LDI  R30,LOW(72)
0001ce 15e5      	CP   R30,R5
0001cf f408      	BRSH _0x2F
                 _0x2E:
0001d0 c00d      	RJMP _0x2D
                 _0x2F:
                 ; 0000 016B         {
                 ; 0000 016C             lcd_clear();
0001d1 d05d      	RCALL _lcd_clear
                 ; 0000 016D         	lcd_puts("Set output");
                +
0001d2 eaa3     +LDI R26 , LOW ( _0x1D + ( 67 ) )
0001d3 e0b2     +LDI R27 , HIGH ( _0x1D + ( 67 ) )
                 	__POINTW2MN _0x1D,67
0001d4 940e 0296 	CALL SUBOPT_0x2
                 ; 0000 016E             output [ buf - 'A' ] = 1;
0001d6 54e1      	SUBI R30,LOW(65)
0001d7 40f0      	SBCI R31,HIGH(65)
0001d8 53e2      	SUBI R30,LOW(-_output)
0001d9 4ffd      	SBCI R31,HIGH(-_output)
0001da e0a1      	LDI  R26,LOW(1)
0001db 83a0      	STD  Z+0,R26
                 ; 0000 016F             USART_send( '0' );
0001dc e3a0      	LDI  R26,LOW(48)
0001dd c020      	RJMP _0x39
                 ; 0000 0170         }
                 ; 0000 0171         // pull output
                 ; 0000 0172         else if ( buf >= '!' && buf <= ')' )
                 _0x2D:
0001de e2e1      	LDI  R30,LOW(33)
0001df 165e      	CP   R5,R30
0001e0 f018      	BRLO _0x32
0001e1 e2e9      	LDI  R30,LOW(41)
0001e2 15e5      	CP   R30,R5
0001e3 f408      	BRSH _0x33
                 _0x32:
0001e4 c014      	RJMP _0x31
                 _0x33:
                 ; 0000 0173         {
                 ; 0000 0174             lcd_clear();
0001e5 d049      	RCALL _lcd_clear
                 ; 0000 0175         	lcd_puts("Pull output");
                +
0001e6 eaae     +LDI R26 , LOW ( _0x1D + ( 78 ) )
0001e7 e0b2     +LDI R27 , HIGH ( _0x1D + ( 78 ) )
                 	__POINTW2MN _0x1D,78
0001e8 d067      	RCALL _lcd_puts
                 ; 0000 0176             #asm ("cli");
0001e9 94f8      	cli
                 ; 0000 0177             delay_ms(20);
0001ea 940e 028f 	CALL SUBOPT_0x1
                 ; 0000 0178             USART_send ( (output[ buf - '!' ] == 0 ? 102 : 153 ) );
0001ec 97b1      	SBIW R30,33
0001ed 53e2      	SUBI R30,LOW(-_output)
0001ee 4ffd      	SBCI R31,HIGH(-_output)
0001ef 81a0      	LD   R26,Z
0001f0 30a0      	CPI  R26,LOW(0x0)
0001f1 f411      	BRNE _0x34
0001f2 e6e6      	LDI  R30,LOW(102)
0001f3 c001      	RJMP _0x35
                 _0x34:
0001f4 e9e9      	LDI  R30,LOW(153)
                 _0x35:
0001f5 2fae      	MOV  R26,R30
0001f6 dec6      	RCALL _USART_send
                 ; 0000 0179             #asm ("sei");
0001f7 9478      	sei
                 ; 0000 017A         }
                 ; 0000 017B         // ?
                 ; 0000 017C         else
0001f8 c006      	RJMP _0x37
                 _0x31:
                 ; 0000 017D         {
                 ; 0000 017E             lcd_clear();
0001f9 d035      	RCALL _lcd_clear
                 ; 0000 017F         	lcd_puts("Invalid req");
                +
0001fa ebaa     +LDI R26 , LOW ( _0x1D + ( 90 ) )
0001fb e0b2     +LDI R27 , HIGH ( _0x1D + ( 90 ) )
                 	__POINTW2MN _0x1D,90
0001fc d053      	RCALL _lcd_puts
                 ; 0000 0180             USART_send ( '?' );
0001fd e3af      	LDI  R26,LOW(63)
                 _0x39:
0001fe debe      	RCALL _USART_send
                 ; 0000 0181         }
                 _0x37:
                 _0x28:
                 ; 0000 0182         update();
0001ff def2      	RCALL _update
                 ; 0000 0183 	}
000200 cf8b      	RJMP _0x20
                 ; 0000 0184 }
                 _0x38:
000201 cfff      	RJMP _0x38
                 
                 	.DSEG
                 _0x1D:
000260           	.BYTE 0x66
                 ;
                 	#ifndef __SLEEP_DEFINED__
                 	#endif
                 
                 	.CSEG
                 __lcd_write_nibble_G100:
000202 93aa      	ST   -Y,R26
000203 b3e8      	IN   R30,0x18
000204 70ef      	ANDI R30,LOW(0xF)
000205 2fae      	MOV  R26,R30
000206 81e8      	LD   R30,Y
000207 7fe0      	ANDI R30,LOW(0xF0)
000208 2bea      	OR   R30,R26
000209 bbe8      	OUT  0x18,R30
                +
00020a e088     +LDI R24 , LOW ( 8 )
                +__DELAY_USB_LOOP :
00020b 958a     +DEC R24
00020c f7f1     +BRNE __DELAY_USB_LOOP
                 	__DELAY_USB 8
00020d 9ac2      	SBI  0x18,2
                +
00020e e184     +LDI R24 , LOW ( 20 )
                +__DELAY_USB_LOOP :
00020f 958a     +DEC R24
000210 f7f1     +BRNE __DELAY_USB_LOOP
                 	__DELAY_USB 20
000211 98c2      	CBI  0x18,2
                +
000212 e184     +LDI R24 , LOW ( 20 )
                +__DELAY_USB_LOOP :
000213 958a     +DEC R24
000214 f7f1     +BRNE __DELAY_USB_LOOP
                 	__DELAY_USB 20
000215 c071      	RJMP _0x20C0001
                 __lcd_write_data:
000216 93aa      	ST   -Y,R26
000217 81a8      	LD   R26,Y
000218 dfe9      	RCALL __lcd_write_nibble_G100
000219 81e8          ld    r30,y
00021a 95e2          swap  r30
00021b 83e8          st    y,r30
00021c 81a8      	LD   R26,Y
00021d dfe4      	RCALL __lcd_write_nibble_G100
                +
00021e ec88     +LDI R24 , LOW ( 200 )
                +__DELAY_USB_LOOP :
00021f 958a     +DEC R24
000220 f7f1     +BRNE __DELAY_USB_LOOP
                 	__DELAY_USB 200
000221 c065      	RJMP _0x20C0001
                 _lcd_gotoxy:
000222 93aa      	ST   -Y,R26
000223 81e8      	LD   R30,Y
000224 e0f0      	LDI  R31,0
000225 5aec      	SUBI R30,LOW(-__base_y_G100*2)
000226 4fff      	SBCI R31,HIGH(-__base_y_G100*2)
000227 91e4      	LPM  R30,Z
000228 81a9      	LDD  R26,Y+1
000229 0fae      	ADD  R26,R30
00022a dfeb      	RCALL __lcd_write_data
00022b 8049      	LDD  R4,Y+1
00022c 80b8      	LDD  R11,Y+0
00022d 9622      	ADIW R28,2
00022e 9508      	RET
                 _lcd_clear:
00022f e0a2      	LDI  R26,LOW(2)
000230 940e 029b 	CALL SUBOPT_0x3
000232 e0ac      	LDI  R26,LOW(12)
000233 dfe2      	RCALL __lcd_write_data
000234 e0a1      	LDI  R26,LOW(1)
000235 940e 029b 	CALL SUBOPT_0x3
000237 e0e0      	LDI  R30,LOW(0)
000238 2ebe      	MOV  R11,R30
000239 2e4e      	MOV  R4,R30
00023a 9508      	RET
                 _lcd_putchar:
00023b 93aa      	ST   -Y,R26
00023c 81a8      	LD   R26,Y
00023d 30aa      	CPI  R26,LOW(0xA)
00023e f011      	BREQ _0x2000004
00023f 144a      	CP   R4,R10
000240 f048      	BRLO _0x2000003
                 _0x2000004:
000241 e0e0      	LDI  R30,LOW(0)
000242 93ea      	ST   -Y,R30
000243 94b3      	INC  R11
000244 2dab      	MOV  R26,R11
000245 dfdc      	RCALL _lcd_gotoxy
000246 81a8      	LD   R26,Y
000247 30aa      	CPI  R26,LOW(0xA)
000248 f409      	BRNE _0x2000006
000249 c03d      	RJMP _0x20C0001
                 _0x2000006:
                 _0x2000003:
00024a 9443      	INC  R4
00024b 9ac0      	SBI  0x18,0
00024c 81a8      	LD   R26,Y
00024d dfc8      	RCALL __lcd_write_data
00024e 98c0      	CBI  0x18,0
00024f c037      	RJMP _0x20C0001
                 _lcd_puts:
000250 93ba      	ST   -Y,R27
000251 93aa      	ST   -Y,R26
000252 931a      	ST   -Y,R17
                 _0x2000007:
000253 81a9      	LDD  R26,Y+1
000254 81ba      	LDD  R27,Y+1+1
000255 91ed      	LD   R30,X+
000256 83a9      	STD  Y+1,R26
000257 83ba      	STD  Y+1+1,R27
000258 2f1e      	MOV  R17,R30
000259 30e0      	CPI  R30,0
00025a f019      	BREQ _0x2000009
00025b 2fa1      	MOV  R26,R17
00025c dfde      	RCALL _lcd_putchar
00025d cff5      	RJMP _0x2000007
                 _0x2000009:
00025e 8118      	LDD  R17,Y+0
00025f 9623      	ADIW R28,3
000260 9508      	RET
                 _lcd_init:
000261 93aa      	ST   -Y,R26
000262 b3e7      	IN   R30,0x17
000263 6fe0      	ORI  R30,LOW(0xF0)
000264 bbe7      	OUT  0x17,R30
000265 9aba      	SBI  0x17,2
000266 9ab8      	SBI  0x17,0
000267 9ab9      	SBI  0x17,1
000268 98c2      	CBI  0x18,2
000269 98c0      	CBI  0x18,0
00026a 98c1      	CBI  0x18,1
00026b 80a8      	LDD  R10,Y+0
00026c e1a4      	LDI  R26,LOW(20)
00026d e0b0      	LDI  R27,0
00026e 940e 02a9 	CALL _delay_ms
000270 940e 02a1 	CALL SUBOPT_0x4
000272 940e 02a1 	CALL SUBOPT_0x4
000274 940e 02a1 	CALL SUBOPT_0x4
000276 e2a0      	LDI  R26,LOW(32)
000277 df8a      	RCALL __lcd_write_nibble_G100
                +
000278 e28c     +LDI R24 , LOW ( 300 )
000279 e091     +LDI R25 , HIGH ( 300 )
                +__DELAY_USW_LOOP :
00027a 9701     +SBIW R24 , 1
00027b f7f1     +BRNE __DELAY_USW_LOOP
                 	__DELAY_USW 300
00027c e2a4      	LDI  R26,LOW(36)
00027d df98      	RCALL __lcd_write_data
00027e e0a9      	LDI  R26,LOW(9)
00027f df96      	RCALL __lcd_write_data
000280 e2a0      	LDI  R26,LOW(32)
000281 df94      	RCALL __lcd_write_data
000282 e0ac      	LDI  R26,LOW(12)
000283 df92      	RCALL __lcd_write_data
000284 e0a6      	LDI  R26,LOW(6)
000285 df90      	RCALL __lcd_write_data
000286 dfa8      	RCALL _lcd_clear
                 _0x20C0001:
000287 9621      	ADIW R28,1
000288 9508      	RET
                 	#ifndef __SLEEP_DEFINED__
                 	#endif
                 
                 	.CSEG
                 
                 	.CSEG
                 
                 	.DSEG
                 
                 	.CSEG
                 
                 	.CSEG
                 
                 	.CSEG
                 
                 	.CSEG
                 
                 	.DSEG
                 _adc_data:
0002c6           	.BYTE 0x8
                 _output:
0002ce           	.BYTE 0xC
                 _input_index_S0000002000:
0002da           	.BYTE 0x1
                 __seed_G102:
0002db           	.BYTE 0x4
                 
                 	.CSEG
                 ;OPTIMIZER ADDED SUBROUTINE, CALLED 2 TIMES, CODE SIZE REDUCTION:1 WORDS
                 SUBOPT_0x0:
000289 940e 0250 	CALL _lcd_puts
00028b efa4      	LDI  R26,LOW(500)
00028c e0b1      	LDI  R27,HIGH(500)
00028d 940c 02a9 	JMP  _delay_ms
                 
                 ;OPTIMIZER ADDED SUBROUTINE, CALLED 2 TIMES, CODE SIZE REDUCTION:5 WORDS
                 SUBOPT_0x1:
00028f e1a4      	LDI  R26,LOW(20)
000290 e0b0      	LDI  R27,0
000291 940e 02a9 	CALL _delay_ms
000293 2de5      	MOV  R30,R5
000294 e0f0      	LDI  R31,0
000295 9508      	RET
                 
                 ;OPTIMIZER ADDED SUBROUTINE, CALLED 2 TIMES, CODE SIZE REDUCTION:1 WORDS
                 SUBOPT_0x2:
000296 940e 0250 	CALL _lcd_puts
000298 2de5      	MOV  R30,R5
000299 e0f0      	LDI  R31,0
00029a 9508      	RET
                 
                 ;OPTIMIZER ADDED SUBROUTINE, CALLED 2 TIMES, CODE SIZE REDUCTION:3 WORDS
                 SUBOPT_0x3:
00029b 940e 0216 	CALL __lcd_write_data
00029d e0a3      	LDI  R26,LOW(3)
00029e e0b0      	LDI  R27,0
00029f 940c 02a9 	JMP  _delay_ms
                 
                 ;OPTIMIZER ADDED SUBROUTINE, CALLED 3 TIMES, CODE SIZE REDUCTION:7 WORDS
                 SUBOPT_0x4:
0002a1 e3a0      	LDI  R26,LOW(48)
0002a2 940e 0202 	CALL __lcd_write_nibble_G100
                +
0002a4 e28c     +LDI R24 , LOW ( 300 )
0002a5 e091     +LDI R25 , HIGH ( 300 )
                +__DELAY_USW_LOOP :
0002a6 9701     +SBIW R24 , 1
0002a7 f7f1     +BRNE __DELAY_USW_LOOP
                 	__DELAY_USW 300
0002a8 9508      	RET
                 
                 
                 	.CSEG
                 _delay_ms:
0002a9 9610      	adiw r26,0
0002aa f039      	breq __delay_ms1
                 __delay_ms0:
                +
0002ab eb88     +LDI R24 , LOW ( 0xBB8 )
0002ac e09b     +LDI R25 , HIGH ( 0xBB8 )
                +__DELAY_USW_LOOP :
0002ad 9701     +SBIW R24 , 1
0002ae f7f1     +BRNE __DELAY_USW_LOOP
                 	__DELAY_USW 0xBB8
0002af 95a8      	wdr
0002b0 9711      	sbiw r26,1
0002b1 f7c9      	brne __delay_ms0
                 __delay_ms1:
0002b2 9508      	ret
                 
                 __SWAPB12:
0002b3 2e1a      	MOV  R1,R26
0002b4 2fae      	MOV  R26,R30
0002b5 2de1      	MOV  R30,R1
0002b6 9508      	RET
                 
                 ;END OF CODE MARKER
                 __END_OF_CODE:


RESOURCE USE INFORMATION
------------------------

Notice:
The register and instruction counts are symbol table hit counts,
and hence implicitly used resources are not counted, eg, the
'lpm' instruction without operands implicitly uses r0 and z,
none of which are counted.

x,y,z are separate entities in the symbol table and are
counted separately from r26..r31 here.

.dseg memory usage only counts static data declared with .byte

ATmega32A register use summary:
r0 :   4 r1 :   3 r2 :   0 r3 :   0 r4 :   4 r5 :  11 r6 :   1 r7 :   1 
r8 :   2 r9 :   0 r10:   2 r11:   4 r12:   0 r13:   0 r14:   0 r15:   0 
r16:   4 r17:   8 r18:   0 r19:   0 r20:   0 r21:   0 r22:   2 r23:   0 
r24:  25 r25:   5 r26:  75 r27:  23 r28:   4 r29:   1 r30: 177 r31:  19 
x  :   6 y  :  43 z  :  12 
Registers used: 23 out of 35 (65.7%)

ATmega32A instruction use summary:
.lds  :   0 .lds.l:   0 .sts  :   0 .sts.l:   0 adc   :   1 add   :   2 
adiw  :   4 and   :   0 andi  :   2 asr   :   0 bclr  :   0 bld   :   0 
brbc  :   0 brbs  :   0 brcc  :   0 brcs  :   0 break :   0 breq  :   4 
brge  :   1 brhc  :   0 brhs  :   0 brid  :   0 brie  :   0 brlo  :   6 
brlt  :   0 brmi  :   0 brne  :  23 brpl  :   0 brsh  :   4 brtc  :   0 
brts  :   0 brvc  :   0 brvs  :   0 bset  :   0 bst   :   0 call  :  24 
cbi   :  14 cbr   :   0 clc   :   0 clh   :   0 cli   :   3 cln   :   0 
clr   :   4 cls   :   0 clt   :   0 clv   :   0 clz   :   0 com   :   0 
cp    :   9 cpc   :   1 cpi   :  14 cpse  :   0 dec   :   6 des   :   0 
eor   :   0 fmul  :   0 fmuls :   0 fmulsu:   0 icall :   0 ijmp  :   0 
in    :   6 inc   :   2 jmp   :  25 ld    :  19 ldd   :   7 ldi   : 112 
lds   :  11 lpm   :   9 lsl   :   0 lsr   :   0 mov   :  13 movw  :   5 
mul   :   0 muls  :   0 mulsu :   0 neg   :   0 nop   :   0 or    :   1 
ori   :   2 out   :  53 pop   :   0 push  :   0 rcall :  25 ret   :  11 
reti  :   2 rjmp  :  29 rol   :   0 ror   :   0 sbc   :   0 sbci  :   9 
sbi   :  17 sbic  :   1 sbis  :   2 sbiw  :   9 sbr   :   0 sbrc  :   0 
sbrs  :   0 sec   :   0 seh   :   0 sei   :   3 sen   :   0 ser   :   0 
ses   :   0 set   :   0 sev   :   0 sez   :   0 sleep :   0 spm   :   0 
st    :  23 std   :   4 sts   :   2 sub   :   1 subi  :  11 swap  :   1 
tst   :   0 wdr   :   1 
Instructions used: 47 out of 116 (40.5%)

ATmega32A memory use summary [bytes]:
Segment   Begin    End      Code   Data   Used    Size   Use%
---------------------------------------------------------------
[.cseg] 0x000000 0x00056e   1198    192   1390   32768   4.2%
[.dseg] 0x000060 0x0002df      0    127    127    2143   5.9%
[.eseg] 0x000000 0x000000      0      0      0    1024   0.0%

Assembly complete, 0 errors, 8 warnings
